#
# There is insufficient memory for the Java Runtime Environment to continue.
# Native memory allocation (mmap) failed to map 2064384 bytes for G1 virtual space
# Possible reasons:
#   The system is out of physical RAM or swap space
#   The process is running with CompressedOops enabled, and the Java Heap may be blocking the growth of the native heap
# Possible solutions:
#   Reduce memory load on the system
#   Increase physical memory or swap space
#   Check if swap backing store is full
#   Decrease Java heap size (-Xmx/-Xms)
#   Decrease number of Java threads
#   Decrease Java thread stack sizes (-Xss)
#   Set larger code cache with -XX:ReservedCodeCacheSize=
#   JVM is running with Unscaled Compressed Oops mode in which the Java heap is
#     placed in the first 4GB address space. The Java Heap base address is the
#     maximum limit for the native heap growth. Please use -XX:HeapBaseMinAddress
#     to set the Java Heap base and to place the Java Heap above 4GB virtual address.
# This output file may be truncated or incomplete.
#
#  Out of Memory Error (os_windows.cpp:3559), pid=57592, tid=60032
#
# JRE version:  (17.0.7+7) (build )
# Java VM: OpenJDK 64-Bit Server VM (17.0.7+7, mixed mode, sharing, tiered, compressed oops, compressed class ptrs, g1 gc, windows-amd64)
# No core dump will be written. Minidumps are not enabled by default on client versions of Windows
#

---------------  S U M M A R Y ------------

Command Line: C:\Users\Byron\AppData\Local\Temp\surefire4399523327948721193\surefirebooter6991153274430216006.jar C:\Users\Byron\AppData\Local\Temp\surefire4399523327948721193 2024-01-02T10-45-12_342-jvmRun1 surefire11475716125339027931tmp surefire_08641843617201879747tmp

Host: Intel(R) Core(TM) i7-10510U CPU @ 1.80GHz, 8 cores, 7G,  Windows 11 , 64 bit Build 22621 (10.0.22621.2506)
Time: Tue Jan  2 10:45:13 2024 Hora verano Sudamérica Pacífico elapsed time: 0.048246 seconds (0d 0h 0m 0s)

---------------  T H R E A D  ---------------

Current thread (0x0000017c58529200):  JavaThread "Unknown thread" [_thread_in_vm, id=60032, stack(0x00000030ef700000,0x00000030ef800000)]

Stack: [0x00000030ef700000,0x00000030ef800000]
Native frames: (J=compiled Java code, j=interpreted, Vv=VM code, C=native code)
V  [jvm.dll+0x67754a]
V  [jvm.dll+0x834304]
V  [jvm.dll+0x835aae]
V  [jvm.dll+0x836113]
V  [jvm.dll+0x24696f]
V  [jvm.dll+0x6743f9]
V  [jvm.dll+0x668c8a]
V  [jvm.dll+0x3061bb]
V  [jvm.dll+0x30d6a6]
V  [jvm.dll+0x35cef8]
V  [jvm.dll+0x35d0ff]
V  [jvm.dll+0x2dd048]
V  [jvm.dll+0x2ddfb4]
V  [jvm.dll+0x8066d1]
V  [jvm.dll+0x36ac91]
V  [jvm.dll+0x7e5cec]
V  [jvm.dll+0x3ed56f]
V  [jvm.dll+0x3ef0a1]
C  [jli.dll+0x528b]
C  [ucrtbase.dll+0x29363]
C  [KERNEL32.DLL+0x1257d]
C  [ntdll.dll+0x5aa58]


---------------  P R O C E S S  ---------------

Threads class SMR info:
_java_thread_list=0x00007ffb8a7b7018, length=0, elements={
}

Java Threads: ( => current thread )

Other Threads:
  0x0000017c58585990 GCTaskThread "GC Thread#0" [stack: 0x00000030ef800000,0x00000030ef900000] [id=60684]
  0x0000017c58597a00 ConcurrentGCThread "G1 Main Marker" [stack: 0x00000030ef900000,0x00000030efa00000] [id=63104]
  0x0000017c58598320 ConcurrentGCThread "G1 Conc#0" [stack: 0x00000030efa00000,0x00000030efb00000] [id=63312]

[error occurred during error reporting (printing all threads), id 0xc0000005, EXCEPTION_ACCESS_VIOLATION (0xc0000005) at pc=0x00007ffb89f8daf7]

VM state: not at safepoint (not fully initialized)

VM Mutex/Monitor currently owned by a thread:  ([mutex/lock_event])
[0x0000017c58525530] Heap_lock - owner thread: 0x0000017c58529200

Heap address: 0x0000000083000000, size: 2000 MB, Compressed Oops mode: 32-bit

CDS archive(s) mapped at: [0x0000000000000000-0x0000000000000000-0x0000000000000000), size 0, SharedBaseAddress: 0x0000000800000000, ArchiveRelocationMode: 0.
Narrow klass base: 0x0000000000000000, Narrow klass shift: 0, Narrow klass range: 0x0

GC Precious Log:
<Empty>

Heap:
 garbage-first heap   total 0K, used 0K [0x0000000083000000, 0x0000000100000000)
  region size 1024K, 0 young (0K), 0 survivors (0K)

[error occurred during error reporting (printing heap information), id 0xc0000005, EXCEPTION_ACCESS_VIOLATION (0xc0000005) at pc=0x00007ffb8a370db9]

GC Heap History (0 events):
No events

Dll operation events (1 events):
Event: 0.028 Loaded shared library C:\Users\Byron\.p2\pool\plugins\org.eclipse.justj.openjdk.hotspot.jre.full.win32.x86_64_17.0.7.v20230425-1502\jre\bin\java.dll

Deoptimization events (0 events):
No events

Classes unloaded (0 events):
No events

Classes redefined (0 events):
No events

Internal exceptions (0 events):
No events

VM Operations (0 events):
No events

Events (0 events):
No events


Dynamic libraries:
0x00007ff7a4db0000 - 0x00007ff7a4dbe000 	C:\Users\Byron\.p2\pool\plugins\org.eclipse.justj.openjdk.hotspot.jre.full.win32.x86_64_17.0.7.v20230425-1502\jre\bin\java.exe
0x00007ffc943b0000 - 0x00007ffc945c7000 	C:\WINDOWS\SYSTEM32\ntdll.dll
0x00007ffc933e0000 - 0x00007ffc934a4000 	C:\WINDOWS\System32\KERNEL32.DLL
0x00007ffc91950000 - 0x00007ffc91cf5000 	C:\WINDOWS\System32\KERNELBASE.dll
0x00007ffc91fe0000 - 0x00007ffc920f1000 	C:\WINDOWS\System32\ucrtbase.dll
0x00007ffc55eb0000 - 0x00007ffc55ec9000 	C:\Users\Byron\.p2\pool\plugins\org.eclipse.justj.openjdk.hotspot.jre.full.win32.x86_64_17.0.7.v20230425-1502\jre\bin\VCRUNTIME140.dll
0x00007ffc60d20000 - 0x00007ffc60d37000 	C:\Users\Byron\.p2\pool\plugins\org.eclipse.justj.openjdk.hotspot.jre.full.win32.x86_64_17.0.7.v20230425-1502\jre\bin\jli.dll
0x00007ffc927e0000 - 0x00007ffc9298e000 	C:\WINDOWS\System32\USER32.dll
0x00007ffc91fb0000 - 0x00007ffc91fd6000 	C:\WINDOWS\System32\win32u.dll
0x00007ffc6f330000 - 0x00007ffc6f5c3000 	C:\WINDOWS\WinSxS\amd64_microsoft.windows.common-controls_6595b64144ccf1df_6.0.22621.2506_none_270c5ae97388e100\COMCTL32.dll
0x00007ffc931c0000 - 0x00007ffc931e9000 	C:\WINDOWS\System32\GDI32.dll
0x00007ffc92b40000 - 0x00007ffc92be7000 	C:\WINDOWS\System32\msvcrt.dll
0x00007ffc91d80000 - 0x00007ffc91e99000 	C:\WINDOWS\System32\gdi32full.dll
0x00007ffc91f10000 - 0x00007ffc91faa000 	C:\WINDOWS\System32\msvcp_win.dll
0x00007ffc926d0000 - 0x00007ffc92701000 	C:\WINDOWS\System32\IMM32.DLL
0x00007ffc7f2c0000 - 0x00007ffc7f2cc000 	C:\Users\Byron\.p2\pool\plugins\org.eclipse.justj.openjdk.hotspot.jre.full.win32.x86_64_17.0.7.v20230425-1502\jre\bin\vcruntime140_1.dll
0x00007ffc55de0000 - 0x00007ffc55e71000 	C:\Users\Byron\.p2\pool\plugins\org.eclipse.justj.openjdk.hotspot.jre.full.win32.x86_64_17.0.7.v20230425-1502\jre\bin\msvcp140.dll
0x00007ffb89ca0000 - 0x00007ffb8a8e8000 	C:\Users\Byron\.p2\pool\plugins\org.eclipse.justj.openjdk.hotspot.jre.full.win32.x86_64_17.0.7.v20230425-1502\jre\bin\server\jvm.dll
0x00007ffc934b0000 - 0x00007ffc93561000 	C:\WINDOWS\System32\ADVAPI32.dll
0x00007ffc92730000 - 0x00007ffc927d6000 	C:\WINDOWS\System32\sechost.dll
0x00007ffc92990000 - 0x00007ffc92aa7000 	C:\WINDOWS\System32\RPCRT4.dll
0x00007ffbf3250000 - 0x00007ffbf3259000 	C:\WINDOWS\SYSTEM32\WSOCK32.dll
0x00007ffc89f90000 - 0x00007ffc89f9a000 	C:\WINDOWS\SYSTEM32\VERSION.dll
0x00007ffc8c130000 - 0x00007ffc8c164000 	C:\WINDOWS\SYSTEM32\WINMM.dll
0x00007ffc940d0000 - 0x00007ffc94141000 	C:\WINDOWS\System32\WS2_32.dll
0x00007ffc90720000 - 0x00007ffc90738000 	C:\WINDOWS\SYSTEM32\kernel.appcore.dll
0x00007ffc8c380000 - 0x00007ffc8c38a000 	C:\Users\Byron\.p2\pool\plugins\org.eclipse.justj.openjdk.hotspot.jre.full.win32.x86_64_17.0.7.v20230425-1502\jre\bin\jimage.dll
0x00007ffc8eda0000 - 0x00007ffc8efd3000 	C:\WINDOWS\SYSTEM32\DBGHELP.DLL
0x00007ffc92260000 - 0x00007ffc925e9000 	C:\WINDOWS\System32\combase.dll
0x00007ffc925f0000 - 0x00007ffc926c7000 	C:\WINDOWS\System32\OLEAUT32.dll
0x00007ffc7f840000 - 0x00007ffc7f872000 	C:\WINDOWS\SYSTEM32\dbgcore.DLL
0x00007ffc91d00000 - 0x00007ffc91d7a000 	C:\WINDOWS\System32\bcryptPrimitives.dll
0x00007ffc6fa30000 - 0x00007ffc6fa55000 	C:\Users\Byron\.p2\pool\plugins\org.eclipse.justj.openjdk.hotspot.jre.full.win32.x86_64_17.0.7.v20230425-1502\jre\bin\java.dll

dbghelp: loaded successfully - version: 4.0.5 - missing functions: none
symbol engine: initialized successfully - sym options: 0x614 - pdb path: .;C:\Users\Byron\.p2\pool\plugins\org.eclipse.justj.openjdk.hotspot.jre.full.win32.x86_64_17.0.7.v20230425-1502\jre\bin;C:\WINDOWS\SYSTEM32;C:\WINDOWS\WinSxS\amd64_microsoft.windows.common-controls_6595b64144ccf1df_6.0.22621.2506_none_270c5ae97388e100;C:\Users\Byron\.p2\pool\plugins\org.eclipse.justj.openjdk.hotspot.jre.full.win32.x86_64_17.0.7.v20230425-1502\jre\bin\server

VM Arguments:
java_command: C:\Users\Byron\AppData\Local\Temp\surefire4399523327948721193\surefirebooter6991153274430216006.jar C:\Users\Byron\AppData\Local\Temp\surefire4399523327948721193 2024-01-02T10-45-12_342-jvmRun1 surefire11475716125339027931tmp surefire_08641843617201879747tmp
java_class_path (initial): C:\Users\Byron\AppData\Local\Temp\surefire4399523327948721193\surefirebooter6991153274430216006.jar
Launcher Type: SUN_STANDARD

[Global flags]
     intx CICompilerCount                          = 4                                         {product} {ergonomic}
     uint ConcGCThreads                            = 2                                         {product} {ergonomic}
     uint G1ConcRefinementThreads                  = 8                                         {product} {ergonomic}
   size_t G1HeapRegionSize                         = 1048576                                   {product} {ergonomic}
    uintx GCDrainStackTargetSize                   = 64                                        {product} {ergonomic}
   size_t InitialHeapSize                          = 132120576                                 {product} {ergonomic}
   size_t MarkStackSize                            = 4194304                                   {product} {ergonomic}
   size_t MaxHeapSize                              = 2097152000                                {product} {ergonomic}
   size_t MinHeapDeltaBytes                        = 1048576                                   {product} {ergonomic}
   size_t MinHeapSize                              = 8388608                                   {product} {ergonomic}
    uintx NonNMethodCodeHeapSize                   = 5839372                                {pd product} {ergonomic}
    uintx NonProfiledCodeHeapSize                  = 122909434                              {pd product} {ergonomic}
    uintx ProfiledCodeHeapSize                     = 122909434                              {pd product} {ergonomic}
    uintx ReservedCodeCacheSize                    = 251658240                              {pd product} {ergonomic}
     bool SegmentedCodeCache                       = true                                      {product} {ergonomic}
   size_t SoftMaxHeapSize                          = 2097152000                             {manageable} {ergonomic}
     bool UseCompressedClassPointers               = true                           {product lp64_product} {ergonomic}
     bool UseCompressedOops                        = true                           {product lp64_product} {ergonomic}
     bool UseG1GC                                  = true                                      {product} {ergonomic}
     bool UseLargePagesIndividualAllocation        = false                                  {pd product} {ergonomic}

Logging:
Log output configuration:
 #0: stdout all=warning uptime,level,tags
 #1: stderr all=off uptime,level,tags

Environment Variables:
PATH=C:/Users/Byron/.p2/pool/plugins/org.eclipse.justj.openjdk.hotspot.jre.full.win32.x86_64_17.0.7.v20230425-1502/jre/bin/server;C:/Users/Byron/.p2/pool/plugins/org.eclipse.justj.openjdk.hotspot.jre.full.win32.x86_64_17.0.7.v20230425-1502/jre/bin;C:\Program Files\Microsoft\jdk-11.0.16.101-hotspot\bin;C:\Program Files (x86)\VMware\VMware Player\bin\;C:\Program Files\Common Files\Oracle\Java\javapath;C:\WINDOWS\system32;C:\WINDOWS;C:\WINDOWS\System32\Wbem;C:\WINDOWS\System32\WindowsPowerShell\v1.0\;C:\WINDOWS\System32\OpenSSH\;C:\Program Files\PuTTY\;C:\Program Files\nodejs\;C:\Program Files\Tailscale\;C:\Program Files\Microsoft SQL Server\150\Tools\Binn\;C:\Program Files\Microsoft SQL Server\Client SDK\ODBC\170\Tools\Binn\;C:\Program Files (x86)\Microsoft SQL Server\150\Tools\Binn\;C:\Program Files\Microsoft SQL Server\150\DTS\Binn\;C:\Program Files (x86)\Microsoft SQL Server\160\DTS\Binn\;C:\Program Files\Azure Data Studio\bin;C:\Program Files\dotnet\;C:\Users\Byron\AppData\Local\Microsoft\WindowsApps;C:\Users\Byron\AppData\Local\GitHubDesktop\bin;C:\Users\Byron\AppData\Local\Programs\Microsoft VS Code\bin;C:\Users\Byron\AppData\Roaming\npm;"C:\Program Files\nodejs;";C:\Program Files\apache-maven-3.9.4\bin;C:\Program Files\Azure Data Studio\bin;C:\Users\Byron\.dotnet\tools;C:\WINDOWS\system32;
USERNAME=Byron
OS=Windows_NT
PROCESSOR_IDENTIFIER=Intel64 Family 6 Model 142 Stepping 12, GenuineIntel
TMP=C:\Users\Byron\AppData\Local\Temp
TEMP=C:\Users\Byron\AppData\Local\Temp



---------------  S Y S T E M  ---------------

OS:
 Windows 11 , 64 bit Build 22621 (10.0.22621.2506)
OS uptime: 38 days 20:36 hours

CPU: total 8 (initial active 8) (4 cores per cpu, 2 threads per core) family 6 model 142 stepping 12 microcode 0xea, cx8, cmov, fxsr, ht, mmx, 3dnowpref, sse, sse2, sse3, ssse3, sse4.1, sse4.2, popcnt, lzcnt, tsc, tscinvbit, avx, avx2, aes, erms, clmul, bmi1, bmi2, adx, fma, vzeroupper, clflush, clflushopt

Memory: 4k page, system-wide physical 7995M (8M free)
TotalPageFile size 32571M (AvailPageFile size 5M)
current process WorkingSet (physical memory assigned to process): 11M, peak: 11M
current process commit charge ("private bytes"): 188M, peak: 190M

vm_info: OpenJDK 64-Bit Server VM (17.0.7+7) for windows-amd64 JRE (17.0.7+7), built on Apr 18 2023 22:10:42 by "temurin" with MS VC++ 16.7 (VS2019)

END.
