#
# There is insufficient memory for the Java Runtime Environment to continue.
# Native memory allocation (malloc) failed to allocate 1207376 bytes for Chunk::new
# Possible reasons:
#   The system is out of physical RAM or swap space
#   The process is running with CompressedOops enabled, and the Java Heap may be blocking the growth of the native heap
# Possible solutions:
#   Reduce memory load on the system
#   Increase physical memory or swap space
#   Check if swap backing store is full
#   Decrease Java heap size (-Xmx/-Xms)
#   Decrease number of Java threads
#   Decrease Java thread stack sizes (-Xss)
#   Set larger code cache with -XX:ReservedCodeCacheSize=
#   JVM is running with Unscaled Compressed Oops mode in which the Java heap is
#     placed in the first 4GB address space. The Java Heap base address is the
#     maximum limit for the native heap growth. Please use -XX:HeapBaseMinAddress
#     to set the Java Heap base and to place the Java Heap above 4GB virtual address.
# This output file may be truncated or incomplete.
#
#  Out of Memory Error (arena.cpp:189), pid=34636, tid=63092
#
# JRE version: OpenJDK Runtime Environment Temurin-17.0.7+7 (17.0.7+7) (build 17.0.7+7)
# Java VM: OpenJDK 64-Bit Server VM Temurin-17.0.7+7 (17.0.7+7, mixed mode, tiered, compressed oops, compressed class ptrs, g1 gc, windows-amd64)
# No core dump will be written. Minidumps are not enabled by default on client versions of Windows
#

---------------  S U M M A R Y ------------

Command Line: -Dmaven.home=EMBEDDED -Dclassworlds.conf=C:\Users\Byron\Desktop\espacio eclipse\.metadata\.plugins\org.eclipse.m2e.launching\launches\m2conf7070779780884119269.tmp -Dmaven.multiModuleProjectDirectory=C:\Users\Byron\Desktop\StarkenWEBAPP\SmartdboxWebStarken\StarkenWEBAPP\SmartdboxWebStarken -Dm2e.build.project.data.socket.port=57866 -Dfile.encoding=UTF-8 -XX:+ShowCodeDetailsInExceptionMessages org.codehaus.plexus.classworlds.launcher.Launcher -B -Dstyle.color=always clean package

Host: Intel(R) Core(TM) i7-10510U CPU @ 1.80GHz, 8 cores, 7G,  Windows 11 , 64 bit Build 22621 (10.0.22621.2506)
Time: Tue Jan  2 10:45:13 2024 Hora verano Sudamérica Pacífico elapsed time: 18.911047 seconds (0d 0h 0m 18s)

---------------  T H R E A D  ---------------

Current thread (0x0000028311ac3450):  JavaThread "C2 CompilerThread0" daemon [_thread_in_native, id=63092, stack(0x000000bd4ae00000,0x000000bd4af00000)]


Current CompileTask:
C2:  18911 9123   !   4       java.lang.reflect.Field::declaredAnnotations (82 bytes)

Stack: [0x000000bd4ae00000,0x000000bd4af00000]
Native frames: (J=compiled Java code, j=interpreted, Vv=VM code, C=native code)
V  [jvm.dll+0x67754a]
V  [jvm.dll+0x834304]
V  [jvm.dll+0x835aae]
V  [jvm.dll+0x836113]
V  [jvm.dll+0x24696f]
V  [jvm.dll+0xac0ac]
V  [jvm.dll+0xac67c]
V  [jvm.dll+0x364de2]
V  [jvm.dll+0x32f6b1]
V  [jvm.dll+0x32eb5a]
V  [jvm.dll+0x219641]
V  [jvm.dll+0x218a61]
V  [jvm.dll+0x1a4d8d]
V  [jvm.dll+0x2284da]
V  [jvm.dll+0x226615]
V  [jvm.dll+0x7ea90b]
V  [jvm.dll+0x7e4e7a]
V  [jvm.dll+0x676395]
C  [ucrtbase.dll+0x29363]
C  [KERNEL32.DLL+0x1257d]
C  [ntdll.dll+0x5aa58]


---------------  P R O C E S S  ---------------

Threads class SMR info:
_java_thread_list=0x00000283184d72e0, length=20, elements={
0x0000028375bc9320, 0x0000028311a4f340, 0x0000028311a73020, 0x0000028311a7ba00,
0x0000028311a7c2c0, 0x0000028311a7da20, 0x0000028311abb000, 0x0000028311ac3450,
0x0000028311ac5a20, 0x0000028311ac9b00, 0x0000028311c369b0, 0x0000028311c51e90,
0x000002831675b930, 0x000002831675af90, 0x000002831675c2d0, 0x000002831675a120,
0x000002831675d140, 0x000002831675a5f0, 0x000002831723bfc0, 0x000002831723e170
}

Java Threads: ( => current thread )
  0x0000028375bc9320 JavaThread "main" [_thread_in_vm, id=43036, stack(0x000000bd4a100000,0x000000bd4a200000)]
  0x0000028311a4f340 JavaThread "Reference Handler" daemon [_thread_blocked, id=59320, stack(0x000000bd4a800000,0x000000bd4a900000)]
  0x0000028311a73020 JavaThread "Finalizer" daemon [_thread_blocked, id=22304, stack(0x000000bd4a900000,0x000000bd4aa00000)]
  0x0000028311a7ba00 JavaThread "Signal Dispatcher" daemon [_thread_blocked, id=55988, stack(0x000000bd4aa00000,0x000000bd4ab00000)]
  0x0000028311a7c2c0 JavaThread "Attach Listener" daemon [_thread_blocked, id=59752, stack(0x000000bd4ab00000,0x000000bd4ac00000)]
  0x0000028311a7da20 JavaThread "Service Thread" daemon [_thread_blocked, id=43908, stack(0x000000bd4ac00000,0x000000bd4ad00000)]
  0x0000028311abb000 JavaThread "Monitor Deflation Thread" daemon [_thread_blocked, id=58040, stack(0x000000bd4ad00000,0x000000bd4ae00000)]
=>0x0000028311ac3450 JavaThread "C2 CompilerThread0" daemon [_thread_in_native, id=63092, stack(0x000000bd4ae00000,0x000000bd4af00000)]
  0x0000028311ac5a20 JavaThread "C1 CompilerThread0" daemon [_thread_blocked, id=5732, stack(0x000000bd4af00000,0x000000bd4b000000)]
  0x0000028311ac9b00 JavaThread "Sweeper thread" daemon [_thread_blocked, id=61824, stack(0x000000bd4b000000,0x000000bd4b100000)]
  0x0000028311c369b0 JavaThread "Notification Thread" daemon [_thread_blocked, id=61772, stack(0x000000bd4b100000,0x000000bd4b200000)]
  0x0000028311c51e90 JavaThread "Common-Cleaner" daemon [_thread_blocked, id=15240, stack(0x000000bd4b300000,0x000000bd4b400000)]
  0x000002831675b930 JavaThread "resolver-1" daemon [_thread_blocked, id=29956, stack(0x000000bd4c200000,0x000000bd4c300000)]
  0x000002831675af90 JavaThread "resolver-2" daemon [_thread_blocked, id=56068, stack(0x000000bd4c300000,0x000000bd4c400000)]
  0x000002831675c2d0 JavaThread "resolver-3" daemon [_thread_blocked, id=28020, stack(0x000000bd4c400000,0x000000bd4c500000)]
  0x000002831675a120 JavaThread "resolver-4" daemon [_thread_blocked, id=55128, stack(0x000000bd4c500000,0x000000bd4c600000)]
  0x000002831675d140 JavaThread "resolver-5" daemon [_thread_blocked, id=32608, stack(0x000000bd4c600000,0x000000bd4c700000)]
  0x000002831675a5f0 JavaThread "timeout-check-timer" daemon [_thread_blocked, id=28648, stack(0x000000bd4c700000,0x000000bd4c800000)]
  0x000002831723bfc0 JavaThread "ping-timer-10s" daemon [_thread_blocked, id=3956, stack(0x000000bd4c800000,0x000000bd4c900000)]
  0x000002831723e170 Thread [stack: 0x000000bd4ca00000,0x000000bd4cb00000] [id=21664]

Other Threads:
  0x0000028311a4c410 VMThread "VM Thread" [stack: 0x000000bd4a700000,0x000000bd4a800000] [id=48468]
  0x0000028311c3cea0 WatcherThread [stack: 0x000000bd4b200000,0x000000bd4b300000] [id=61844]
  0x0000028375c273f0 GCTaskThread "GC Thread#0" [stack: 0x000000bd4a200000,0x000000bd4a300000] [id=63088]
  0x00000283167c2340 GCTaskThread "GC Thread#1" [stack: 0x000000bd4b400000,0x000000bd4b500000] [id=19588]
  0x000002831676c140 GCTaskThread "GC Thread#2" [stack: 0x000000bd4b500000,0x000000bd4b600000] [id=19000]
  0x000002831690e190 GCTaskThread "GC Thread#3" [stack: 0x000000bd4b600000,0x000000bd4b700000] [id=60616]
  0x0000028316929e10 GCTaskThread "GC Thread#4" [stack: 0x000000bd4b700000,0x000000bd4b800000] [id=45668]
  0x000002831692a6d0 GCTaskThread "GC Thread#5" [stack: 0x000000bd4b800000,0x000000bd4b900000] [id=51988]
  0x000002831692a980 GCTaskThread "GC Thread#6" [stack: 0x000000bd4b900000,0x000000bd4ba00000] [id=60320]
  0x000002831692ae40 GCTaskThread "GC Thread#7" [stack: 0x000000bd4ba00000,0x000000bd4bb00000] [id=13364]
  0x0000028375c384d0 ConcurrentGCThread "G1 Main Marker" [stack: 0x000000bd4a300000,0x000000bd4a400000] [id=9960]
  0x0000028375c38ee0 ConcurrentGCThread "G1 Conc#0" [stack: 0x000000bd4a400000,0x000000bd4a500000] [id=54824]
  0x0000028316995b40 ConcurrentGCThread "G1 Conc#1" [stack: 0x000000bd4bb00000,0x000000bd4bc00000] [id=23624]
  0x00000283118b20c0 ConcurrentGCThread "G1 Refine#0" [stack: 0x000000bd4a500000,0x000000bd4a600000] [id=59248]
  0x00000283180dade0 ConcurrentGCThread "G1 Refine#1" [stack: 0x000000bd4bc00000,0x000000bd4bd00000] [id=7388]
  0x00000283163f3210 ConcurrentGCThread "G1 Refine#2" [stack: 0x000000bd4bd00000,0x000000bd4be00000] [id=56360]
  0x00000283167ee060 ConcurrentGCThread "G1 Refine#3" [stack: 0x000000bd4be00000,0x000000bd4bf00000] [id=54128]
  0x00000283167bb870 ConcurrentGCThread "G1 Refine#4" [stack: 0x000000bd4bf00000,0x000000bd4c000000] [id=18672]
  0x0000028318f01950 ConcurrentGCThread "G1 Refine#5" [stack: 0x000000bd4c000000,0x000000bd4c100000] [id=15032]
  0x0000028318f01c30 ConcurrentGCThread "G1 Refine#6" [stack: 0x000000bd4c100000,0x000000bd4c200000] [id=61220]
  0x00000283118b49f0 ConcurrentGCThread "G1 Service" [stack: 0x000000bd4a600000,0x000000bd4a700000] [id=14496]

Threads with active compile tasks:
C2 CompilerThread0    18994 9123   !   4       java.lang.reflect.Field::declaredAnnotations (82 bytes)

VM state: not at safepoint (normal execution)

VM Mutex/Monitor currently owned by a thread: None

Heap address: 0x0000000083000000, size: 2000 MB, Compressed Oops mode: 32-bit

CDS archive(s) not mapped
Compressed class space mapped at: 0x0000000100000000-0x0000000140000000, reserved size: 1073741824
Narrow klass base: 0x0000000000000000, Narrow klass shift: 3, Narrow klass range: 0x140000000

GC Precious Log:
 CPUs: 8 total, 8 available
 Memory: 7995M
 Large Page Support: Disabled
 NUMA Support: Disabled
 Compressed Oops: Enabled (32-bit)
 Heap Region Size: 1M
 Heap Min Capacity: 8M
 Heap Initial Capacity: 126M
 Heap Max Capacity: 2000M
 Pre-touch: Disabled
 Parallel Workers: 8
 Concurrent Workers: 2
 Concurrent Refinement Workers: 8
 Periodic GC: Disabled

Heap:
 garbage-first heap   total 231424K, used 148953K [0x0000000083000000, 0x0000000100000000)
  region size 1024K, 66 young (67584K), 13 survivors (13312K)
 Metaspace       used 41916K, committed 42304K, reserved 1114112K
  class space    used 4363K, committed 4544K, reserved 1048576K

Heap Regions: E=young(eden), S=young(survivor), O=old, HS=humongous(starts), HC=humongous(continues), CS=collection set, F=free, OA=open archive, CA=closed archive, TAMS=top-at-mark-start (previous, next)
|   0|0x0000000083000000, 0x0000000083100000, 0x0000000083100000|100%| O|  |TAMS 0x0000000083100000, 0x0000000083000000| Untracked 
|   1|0x0000000083100000, 0x0000000083200000, 0x0000000083200000|100%| O|  |TAMS 0x0000000083200000, 0x0000000083100000| Untracked 
|   2|0x0000000083200000, 0x0000000083300000, 0x0000000083300000|100%| O|  |TAMS 0x0000000083300000, 0x0000000083200000| Untracked 
|   3|0x0000000083300000, 0x0000000083400000, 0x0000000083400000|100%| O|  |TAMS 0x0000000083400000, 0x0000000083300000| Untracked 
|   4|0x0000000083400000, 0x0000000083500000, 0x0000000083500000|100%| O|  |TAMS 0x0000000083500000, 0x0000000083400000| Untracked 
|   5|0x0000000083500000, 0x0000000083600000, 0x0000000083600000|100%| O|  |TAMS 0x0000000083600000, 0x0000000083500000| Untracked 
|   6|0x0000000083600000, 0x0000000083700000, 0x0000000083700000|100%| O|  |TAMS 0x0000000083700000, 0x0000000083600000| Untracked 
|   7|0x0000000083700000, 0x0000000083800000, 0x0000000083800000|100%| O|  |TAMS 0x0000000083800000, 0x0000000083700000| Untracked 
|   8|0x0000000083800000, 0x0000000083900000, 0x0000000083900000|100%| O|  |TAMS 0x0000000083900000, 0x0000000083800000| Untracked 
|   9|0x0000000083900000, 0x0000000083a00000, 0x0000000083a00000|100%| O|  |TAMS 0x0000000083a00000, 0x0000000083900000| Untracked 
|  10|0x0000000083a00000, 0x0000000083b00000, 0x0000000083b00000|100%| O|  |TAMS 0x0000000083b00000, 0x0000000083a00000| Untracked 
|  11|0x0000000083b00000, 0x0000000083c00000, 0x0000000083c00000|100%| O|  |TAMS 0x0000000083c00000, 0x0000000083b00000| Untracked 
|  12|0x0000000083c00000, 0x0000000083d00000, 0x0000000083d00000|100%| O|  |TAMS 0x0000000083d00000, 0x0000000083c00000| Untracked 
|  13|0x0000000083d00000, 0x0000000083e00000, 0x0000000083e00000|100%| O|  |TAMS 0x0000000083d00000, 0x0000000083d00000| Untracked 
|  14|0x0000000083e00000, 0x0000000083f00000, 0x0000000083f00000|100%|HS|  |TAMS 0x0000000083f00000, 0x0000000083e00000| Complete 
|  15|0x0000000083f00000, 0x0000000084000000, 0x0000000084000000|100%| O|  |TAMS 0x0000000084000000, 0x0000000083f00000| Untracked 
|  16|0x0000000084000000, 0x0000000084100000, 0x0000000084100000|100%| O|  |TAMS 0x0000000084100000, 0x0000000084000000| Untracked 
|  17|0x0000000084100000, 0x0000000084200000, 0x0000000084200000|100%| O|  |TAMS 0x0000000084200000, 0x0000000084100000| Untracked 
|  18|0x0000000084200000, 0x0000000084300000, 0x0000000084300000|100%| O|  |TAMS 0x0000000084300000, 0x0000000084200000| Untracked 
|  19|0x0000000084300000, 0x0000000084400000, 0x0000000084400000|100%| O|  |TAMS 0x0000000084400000, 0x0000000084300000| Untracked 
|  20|0x0000000084400000, 0x0000000084500000, 0x0000000084500000|100%| O|  |TAMS 0x0000000084500000, 0x0000000084400000| Untracked 
|  21|0x0000000084500000, 0x0000000084600000, 0x0000000084600000|100%| O|  |TAMS 0x0000000084600000, 0x0000000084500000| Untracked 
|  22|0x0000000084600000, 0x0000000084700000, 0x0000000084700000|100%| O|  |TAMS 0x0000000084700000, 0x0000000084600000| Untracked 
|  23|0x0000000084700000, 0x0000000084800000, 0x0000000084800000|100%| O|  |TAMS 0x0000000084800000, 0x0000000084700000| Untracked 
|  24|0x0000000084800000, 0x0000000084900000, 0x0000000084900000|100%| O|  |TAMS 0x0000000084900000, 0x0000000084800000| Untracked 
|  25|0x0000000084900000, 0x0000000084a00000, 0x0000000084a00000|100%| O|  |TAMS 0x0000000084a00000, 0x0000000084900000| Untracked 
|  26|0x0000000084a00000, 0x0000000084b00000, 0x0000000084b00000|100%| O|  |TAMS 0x0000000084b00000, 0x0000000084a00000| Untracked 
|  27|0x0000000084b00000, 0x0000000084c00000, 0x0000000084c00000|100%| O|  |TAMS 0x0000000084c00000, 0x0000000084b00000| Untracked 
|  28|0x0000000084c00000, 0x0000000084d00000, 0x0000000084d00000|100%| O|  |TAMS 0x0000000084d00000, 0x0000000084c00000| Untracked 
|  29|0x0000000084d00000, 0x0000000084e00000, 0x0000000084e00000|100%| O|  |TAMS 0x0000000084e00000, 0x0000000084d00000| Untracked 
|  30|0x0000000084e00000, 0x0000000084f00000, 0x0000000084f00000|100%| O|  |TAMS 0x0000000084f00000, 0x0000000084e00000| Untracked 
|  31|0x0000000084f00000, 0x0000000085000000, 0x0000000085000000|100%| O|  |TAMS 0x0000000085000000, 0x0000000084f00000| Untracked 
|  32|0x0000000085000000, 0x0000000085100000, 0x0000000085100000|100%| O|  |TAMS 0x0000000085100000, 0x0000000085000000| Untracked 
|  33|0x0000000085100000, 0x0000000085200000, 0x0000000085200000|100%| O|  |TAMS 0x0000000085200000, 0x0000000085100000| Untracked 
|  34|0x0000000085200000, 0x0000000085300000, 0x0000000085300000|100%| O|  |TAMS 0x0000000085300000, 0x0000000085200000| Untracked 
|  35|0x0000000085300000, 0x0000000085400000, 0x0000000085400000|100%| O|  |TAMS 0x0000000085400000, 0x0000000085300000| Untracked 
|  36|0x0000000085400000, 0x0000000085500000, 0x0000000085500000|100%| O|  |TAMS 0x0000000085500000, 0x0000000085400000| Untracked 
|  37|0x0000000085500000, 0x0000000085600000, 0x0000000085600000|100%| O|  |TAMS 0x0000000085600000, 0x0000000085500000| Untracked 
|  38|0x0000000085600000, 0x0000000085700000, 0x0000000085700000|100%| O|  |TAMS 0x0000000085700000, 0x0000000085600000| Untracked 
|  39|0x0000000085700000, 0x0000000085800000, 0x0000000085800000|100%| O|  |TAMS 0x0000000085800000, 0x0000000085700000| Untracked 
|  40|0x0000000085800000, 0x0000000085900000, 0x0000000085900000|100%| O|  |TAMS 0x0000000085900000, 0x0000000085800000| Untracked 
|  41|0x0000000085900000, 0x0000000085a00000, 0x0000000085a00000|100%| O|  |TAMS 0x0000000085a00000, 0x0000000085900000| Untracked 
|  42|0x0000000085a00000, 0x0000000085b00000, 0x0000000085b00000|100%| O|  |TAMS 0x0000000085b00000, 0x0000000085a00000| Untracked 
|  43|0x0000000085b00000, 0x0000000085c00000, 0x0000000085c00000|100%| O|  |TAMS 0x0000000085c00000, 0x0000000085b00000| Untracked 
|  44|0x0000000085c00000, 0x0000000085d00000, 0x0000000085d00000|100%| O|  |TAMS 0x0000000085d00000, 0x0000000085c00000| Untracked 
|  45|0x0000000085d00000, 0x0000000085d00000, 0x0000000085e00000|  0%| F|  |TAMS 0x0000000085d00000, 0x0000000085d00000| Untracked 
|  46|0x0000000085e00000, 0x0000000085f00000, 0x0000000085f00000|100%| O|  |TAMS 0x0000000085f00000, 0x0000000085e00000| Untracked 
|  47|0x0000000085f00000, 0x0000000086000000, 0x0000000086000000|100%| O|  |TAMS 0x0000000086000000, 0x0000000085f00000| Untracked 
|  48|0x0000000086000000, 0x0000000086100000, 0x0000000086100000|100%| O|  |TAMS 0x0000000086100000, 0x0000000086000000| Untracked 
|  49|0x0000000086100000, 0x0000000086200000, 0x0000000086200000|100%| O|  |TAMS 0x0000000086200000, 0x0000000086100000| Untracked 
|  50|0x0000000086200000, 0x0000000086300000, 0x0000000086300000|100%| O|  |TAMS 0x0000000086200000, 0x0000000086200000| Untracked 
|  51|0x0000000086300000, 0x0000000086400000, 0x0000000086400000|100%| O|  |TAMS 0x0000000086400000, 0x0000000086300000| Untracked 
|  52|0x0000000086400000, 0x0000000086500000, 0x0000000086500000|100%| O|  |TAMS 0x0000000086500000, 0x0000000086400000| Untracked 
|  53|0x0000000086500000, 0x0000000086600000, 0x0000000086600000|100%| O|  |TAMS 0x0000000086600000, 0x0000000086500000| Untracked 
|  54|0x0000000086600000, 0x0000000086700000, 0x0000000086700000|100%| O|  |TAMS 0x0000000086700000, 0x0000000086600000| Untracked 
|  55|0x0000000086700000, 0x0000000086800000, 0x0000000086800000|100%|HS|  |TAMS 0x0000000086800000, 0x0000000086700000| Complete 
|  56|0x0000000086800000, 0x0000000086900000, 0x0000000086900000|100%|HC|  |TAMS 0x0000000086900000, 0x0000000086800000| Complete 
|  57|0x0000000086900000, 0x0000000086a00000, 0x0000000086a00000|100%| O|  |TAMS 0x0000000086a00000, 0x0000000086900000| Untracked 
|  58|0x0000000086a00000, 0x0000000086b00000, 0x0000000086b00000|100%| O|  |TAMS 0x0000000086b00000, 0x0000000086a00000| Untracked 
|  59|0x0000000086b00000, 0x0000000086c00000, 0x0000000086c00000|100%| O|  |TAMS 0x0000000086b8f600, 0x0000000086b00000| Untracked 
|  60|0x0000000086c00000, 0x0000000086d00000, 0x0000000086d00000|100%| O|  |TAMS 0x0000000086c00000, 0x0000000086c00000| Untracked 
|  61|0x0000000086d00000, 0x0000000086e00000, 0x0000000086e00000|100%| O|  |TAMS 0x0000000086d00000, 0x0000000086d00000| Untracked 
|  62|0x0000000086e00000, 0x0000000086f00000, 0x0000000086f00000|100%| O|  |TAMS 0x0000000086e00000, 0x0000000086e00000| Untracked 
|  63|0x0000000086f00000, 0x0000000086f00000, 0x0000000087000000|  0%| F|  |TAMS 0x0000000086f00000, 0x0000000086f00000| Untracked 
|  64|0x0000000087000000, 0x0000000087100000, 0x0000000087100000|100%|HS|  |TAMS 0x0000000087000000, 0x0000000087000000| Complete 
|  65|0x0000000087100000, 0x0000000087100000, 0x0000000087200000|  0%| F|  |TAMS 0x0000000087100000, 0x0000000087100000| Untracked 
|  66|0x0000000087200000, 0x0000000087300000, 0x0000000087300000|100%|HS|  |TAMS 0x0000000087200000, 0x0000000087200000| Complete 
|  67|0x0000000087300000, 0x0000000087400000, 0x0000000087400000|100%| O|  |TAMS 0x0000000087300000, 0x0000000087300000| Untracked 
|  68|0x0000000087400000, 0x0000000087500000, 0x0000000087500000|100%| O|  |TAMS 0x0000000087400000, 0x0000000087400000| Untracked 
|  69|0x0000000087500000, 0x0000000087600000, 0x0000000087600000|100%| O|  |TAMS 0x0000000087500000, 0x0000000087500000| Untracked 
|  70|0x0000000087600000, 0x0000000087700000, 0x0000000087700000|100%| O|  |TAMS 0x0000000087600000, 0x0000000087600000| Untracked 
|  71|0x0000000087700000, 0x0000000087800000, 0x0000000087800000|100%| O|  |TAMS 0x0000000087700000, 0x0000000087700000| Untracked 
|  72|0x0000000087800000, 0x0000000087900000, 0x0000000087900000|100%| O|  |TAMS 0x0000000087800000, 0x0000000087800000| Untracked 
|  73|0x0000000087900000, 0x0000000087a00000, 0x0000000087a00000|100%| O|  |TAMS 0x0000000087900000, 0x0000000087900000| Untracked 
|  74|0x0000000087a00000, 0x0000000087b00000, 0x0000000087b00000|100%| O|  |TAMS 0x0000000087a00000, 0x0000000087a00000| Untracked 
|  75|0x0000000087b00000, 0x0000000087c00000, 0x0000000087c00000|100%| O|  |TAMS 0x0000000087b00000, 0x0000000087b00000| Untracked 
|  76|0x0000000087c00000, 0x0000000087d00000, 0x0000000087d00000|100%| O|  |TAMS 0x0000000087c00000, 0x0000000087c00000| Untracked 
|  77|0x0000000087d00000, 0x0000000087e00000, 0x0000000087e00000|100%| O|  |TAMS 0x0000000087d00000, 0x0000000087d00000| Untracked 
|  78|0x0000000087e00000, 0x0000000087f00000, 0x0000000087f00000|100%| O|  |TAMS 0x0000000087e00000, 0x0000000087e00000| Untracked 
|  79|0x0000000087f00000, 0x0000000088000000, 0x0000000088000000|100%| O|  |TAMS 0x0000000087f00000, 0x0000000087f00000| Untracked 
|  80|0x0000000088000000, 0x0000000088100000, 0x0000000088100000|100%| O|  |TAMS 0x0000000088000000, 0x0000000088000000| Untracked 
|  81|0x0000000088100000, 0x0000000088200000, 0x0000000088200000|100%| O|  |TAMS 0x0000000088100000, 0x0000000088100000| Untracked 
|  82|0x0000000088200000, 0x0000000088300000, 0x0000000088300000|100%| O|  |TAMS 0x0000000088200000, 0x0000000088200000| Untracked 
|  83|0x0000000088300000, 0x0000000088376600, 0x0000000088400000| 46%| O|  |TAMS 0x0000000088300000, 0x0000000088300000| Untracked 
|  84|0x0000000088400000, 0x0000000088400000, 0x0000000088500000|  0%| F|  |TAMS 0x0000000088400000, 0x0000000088400000| Untracked 
|  85|0x0000000088500000, 0x0000000088500000, 0x0000000088600000|  0%| F|  |TAMS 0x0000000088500000, 0x0000000088500000| Untracked 
|  86|0x0000000088600000, 0x0000000088600000, 0x0000000088700000|  0%| F|  |TAMS 0x0000000088600000, 0x0000000088600000| Untracked 
|  87|0x0000000088700000, 0x0000000088700000, 0x0000000088800000|  0%| F|  |TAMS 0x0000000088700000, 0x0000000088700000| Untracked 
|  88|0x0000000088800000, 0x0000000088800000, 0x0000000088900000|  0%| F|  |TAMS 0x0000000088800000, 0x0000000088800000| Untracked 
|  89|0x0000000088900000, 0x0000000088900000, 0x0000000088a00000|  0%| F|  |TAMS 0x0000000088900000, 0x0000000088900000| Untracked 
|  90|0x0000000088a00000, 0x0000000088a00000, 0x0000000088b00000|  0%| F|  |TAMS 0x0000000088a00000, 0x0000000088a00000| Untracked 
|  91|0x0000000088b00000, 0x0000000088b00000, 0x0000000088c00000|  0%| F|  |TAMS 0x0000000088b00000, 0x0000000088b00000| Untracked 
|  92|0x0000000088c00000, 0x0000000088c00000, 0x0000000088d00000|  0%| F|  |TAMS 0x0000000088c00000, 0x0000000088c00000| Untracked 
|  93|0x0000000088d00000, 0x0000000088d00000, 0x0000000088e00000|  0%| F|  |TAMS 0x0000000088d00000, 0x0000000088d00000| Untracked 
|  94|0x0000000088e00000, 0x0000000088e00000, 0x0000000088f00000|  0%| F|  |TAMS 0x0000000088e00000, 0x0000000088e00000| Untracked 
|  95|0x0000000088f00000, 0x0000000088f00000, 0x0000000089000000|  0%| F|  |TAMS 0x0000000088f00000, 0x0000000088f00000| Untracked 
|  96|0x0000000089000000, 0x0000000089000000, 0x0000000089100000|  0%| F|  |TAMS 0x0000000089000000, 0x0000000089000000| Untracked 
|  97|0x0000000089100000, 0x0000000089100000, 0x0000000089200000|  0%| F|  |TAMS 0x0000000089100000, 0x0000000089100000| Untracked 
|  98|0x0000000089200000, 0x0000000089200000, 0x0000000089300000|  0%| F|  |TAMS 0x0000000089200000, 0x0000000089200000| Untracked 
|  99|0x0000000089300000, 0x0000000089300000, 0x0000000089400000|  0%| F|  |TAMS 0x0000000089300000, 0x0000000089300000| Untracked 
| 100|0x0000000089400000, 0x0000000089400000, 0x0000000089500000|  0%| F|  |TAMS 0x0000000089400000, 0x0000000089400000| Untracked 
| 101|0x0000000089500000, 0x0000000089500000, 0x0000000089600000|  0%| F|  |TAMS 0x0000000089500000, 0x0000000089500000| Untracked 
| 102|0x0000000089600000, 0x0000000089600000, 0x0000000089700000|  0%| F|  |TAMS 0x0000000089600000, 0x0000000089600000| Untracked 
| 103|0x0000000089700000, 0x0000000089700000, 0x0000000089800000|  0%| F|  |TAMS 0x0000000089700000, 0x0000000089700000| Untracked 
| 104|0x0000000089800000, 0x0000000089800000, 0x0000000089900000|  0%| F|  |TAMS 0x0000000089800000, 0x0000000089800000| Untracked 
| 105|0x0000000089900000, 0x0000000089900000, 0x0000000089a00000|  0%| F|  |TAMS 0x0000000089900000, 0x0000000089900000| Untracked 
| 106|0x0000000089a00000, 0x0000000089a00000, 0x0000000089b00000|  0%| F|  |TAMS 0x0000000089a00000, 0x0000000089a00000| Untracked 
| 107|0x0000000089b00000, 0x0000000089b00000, 0x0000000089c00000|  0%| F|  |TAMS 0x0000000089b00000, 0x0000000089b00000| Untracked 
| 108|0x0000000089c00000, 0x0000000089c00000, 0x0000000089d00000|  0%| F|  |TAMS 0x0000000089c00000, 0x0000000089c00000| Untracked 
| 109|0x0000000089d00000, 0x0000000089d00000, 0x0000000089e00000|  0%| F|  |TAMS 0x0000000089d00000, 0x0000000089d00000| Untracked 
| 110|0x0000000089e00000, 0x0000000089e00000, 0x0000000089f00000|  0%| F|  |TAMS 0x0000000089e00000, 0x0000000089e00000| Untracked 
| 111|0x0000000089f00000, 0x0000000089f00000, 0x000000008a000000|  0%| F|  |TAMS 0x0000000089f00000, 0x0000000089f00000| Untracked 
| 112|0x000000008a000000, 0x000000008a000000, 0x000000008a100000|  0%| F|  |TAMS 0x000000008a000000, 0x000000008a000000| Untracked 
| 113|0x000000008a100000, 0x000000008a200000, 0x000000008a200000|100%| S|CS|TAMS 0x000000008a100000, 0x000000008a100000| Complete 
| 114|0x000000008a200000, 0x000000008a300000, 0x000000008a300000|100%| S|CS|TAMS 0x000000008a200000, 0x000000008a200000| Complete 
| 115|0x000000008a300000, 0x000000008a300000, 0x000000008a400000|  0%| F|  |TAMS 0x000000008a300000, 0x000000008a300000| Untracked 
| 116|0x000000008a400000, 0x000000008a500000, 0x000000008a500000|100%| S|CS|TAMS 0x000000008a400000, 0x000000008a400000| Complete 
| 117|0x000000008a500000, 0x000000008a600000, 0x000000008a600000|100%| S|CS|TAMS 0x000000008a500000, 0x000000008a500000| Complete 
| 118|0x000000008a600000, 0x000000008a700000, 0x000000008a700000|100%| S|CS|TAMS 0x000000008a600000, 0x000000008a600000| Complete 
| 119|0x000000008a700000, 0x000000008a800000, 0x000000008a800000|100%| S|CS|TAMS 0x000000008a700000, 0x000000008a700000| Complete 
| 120|0x000000008a800000, 0x000000008a900000, 0x000000008a900000|100%| S|CS|TAMS 0x000000008a800000, 0x000000008a800000| Complete 
| 121|0x000000008a900000, 0x000000008aa00000, 0x000000008aa00000|100%| S|CS|TAMS 0x000000008a900000, 0x000000008a900000| Complete 
| 122|0x000000008aa00000, 0x000000008ab00000, 0x000000008ab00000|100%| S|CS|TAMS 0x000000008aa00000, 0x000000008aa00000| Complete 
| 123|0x000000008ab00000, 0x000000008ac00000, 0x000000008ac00000|100%| S|CS|TAMS 0x000000008ab00000, 0x000000008ab00000| Complete 
| 124|0x000000008ac00000, 0x000000008ad00000, 0x000000008ad00000|100%| S|CS|TAMS 0x000000008ac00000, 0x000000008ac00000| Complete 
| 125|0x000000008ad00000, 0x000000008ae00000, 0x000000008ae00000|100%| S|CS|TAMS 0x000000008ad00000, 0x000000008ad00000| Complete 
| 126|0x000000008ae00000, 0x000000008af00000, 0x000000008af00000|100%| S|CS|TAMS 0x000000008ae00000, 0x000000008ae00000| Complete 
| 127|0x000000008af00000, 0x000000008af00000, 0x000000008b000000|  0%| F|  |TAMS 0x000000008af00000, 0x000000008af00000| Untracked 
| 128|0x000000008b000000, 0x000000008b000000, 0x000000008b100000|  0%| F|  |TAMS 0x000000008b000000, 0x000000008b000000| Untracked 
| 129|0x000000008b100000, 0x000000008b100000, 0x000000008b200000|  0%| F|  |TAMS 0x000000008b100000, 0x000000008b100000| Untracked 
| 130|0x000000008b200000, 0x000000008b200000, 0x000000008b300000|  0%| F|  |TAMS 0x000000008b200000, 0x000000008b200000| Untracked 
| 131|0x000000008b300000, 0x000000008b300000, 0x000000008b400000|  0%| F|  |TAMS 0x000000008b300000, 0x000000008b300000| Untracked 
| 132|0x000000008b400000, 0x000000008b400000, 0x000000008b500000|  0%| F|  |TAMS 0x000000008b400000, 0x000000008b400000| Untracked 
| 133|0x000000008b500000, 0x000000008b500000, 0x000000008b600000|  0%| F|  |TAMS 0x000000008b500000, 0x000000008b500000| Untracked 
| 134|0x000000008b600000, 0x000000008b600000, 0x000000008b700000|  0%| F|  |TAMS 0x000000008b600000, 0x000000008b600000| Untracked 
| 135|0x000000008b700000, 0x000000008b700000, 0x000000008b800000|  0%| F|  |TAMS 0x000000008b700000, 0x000000008b700000| Untracked 
| 136|0x000000008b800000, 0x000000008b800000, 0x000000008b900000|  0%| F|  |TAMS 0x000000008b800000, 0x000000008b800000| Untracked 
| 137|0x000000008b900000, 0x000000008b900000, 0x000000008ba00000|  0%| F|  |TAMS 0x000000008b900000, 0x000000008b900000| Untracked 
| 138|0x000000008ba00000, 0x000000008ba00000, 0x000000008bb00000|  0%| F|  |TAMS 0x000000008ba00000, 0x000000008ba00000| Untracked 
| 139|0x000000008bb00000, 0x000000008bb00000, 0x000000008bc00000|  0%| F|  |TAMS 0x000000008bb00000, 0x000000008bb00000| Untracked 
| 140|0x000000008bc00000, 0x000000008bc00000, 0x000000008bd00000|  0%| F|  |TAMS 0x000000008bc00000, 0x000000008bc00000| Untracked 
| 141|0x000000008bd00000, 0x000000008bd00000, 0x000000008be00000|  0%| F|  |TAMS 0x000000008bd00000, 0x000000008bd00000| Untracked 
| 142|0x000000008be00000, 0x000000008be00000, 0x000000008bf00000|  0%| F|  |TAMS 0x000000008be00000, 0x000000008be00000| Untracked 
| 143|0x000000008bf00000, 0x000000008bf00000, 0x000000008c000000|  0%| F|  |TAMS 0x000000008bf00000, 0x000000008bf00000| Untracked 
| 144|0x000000008c000000, 0x000000008c000000, 0x000000008c100000|  0%| F|  |TAMS 0x000000008c000000, 0x000000008c000000| Untracked 
| 145|0x000000008c100000, 0x000000008c100000, 0x000000008c200000|  0%| F|  |TAMS 0x000000008c100000, 0x000000008c100000| Untracked 
| 146|0x000000008c200000, 0x000000008c200000, 0x000000008c300000|  0%| F|  |TAMS 0x000000008c200000, 0x000000008c200000| Untracked 
| 147|0x000000008c300000, 0x000000008c300000, 0x000000008c400000|  0%| F|  |TAMS 0x000000008c300000, 0x000000008c300000| Untracked 
| 148|0x000000008c400000, 0x000000008c400000, 0x000000008c500000|  0%| F|  |TAMS 0x000000008c400000, 0x000000008c400000| Untracked 
| 149|0x000000008c500000, 0x000000008c500000, 0x000000008c600000|  0%| F|  |TAMS 0x000000008c500000, 0x000000008c500000| Untracked 
| 150|0x000000008c600000, 0x000000008c600000, 0x000000008c700000|  0%| F|  |TAMS 0x000000008c600000, 0x000000008c600000| Untracked 
| 151|0x000000008c700000, 0x000000008c700000, 0x000000008c800000|  0%| F|  |TAMS 0x000000008c700000, 0x000000008c700000| Untracked 
| 152|0x000000008c800000, 0x000000008c800000, 0x000000008c900000|  0%| F|  |TAMS 0x000000008c800000, 0x000000008c800000| Untracked 
| 153|0x000000008c900000, 0x000000008c900000, 0x000000008ca00000|  0%| F|  |TAMS 0x000000008c900000, 0x000000008c900000| Untracked 
| 154|0x000000008ca00000, 0x000000008ca00000, 0x000000008cb00000|  0%| F|  |TAMS 0x000000008ca00000, 0x000000008ca00000| Untracked 
| 155|0x000000008cb00000, 0x000000008cb00000, 0x000000008cc00000|  0%| F|  |TAMS 0x000000008cb00000, 0x000000008cb00000| Untracked 
| 156|0x000000008cc00000, 0x000000008cc00000, 0x000000008cd00000|  0%| F|  |TAMS 0x000000008cc00000, 0x000000008cc00000| Untracked 
| 157|0x000000008cd00000, 0x000000008cd00000, 0x000000008ce00000|  0%| F|  |TAMS 0x000000008cd00000, 0x000000008cd00000| Untracked 
| 158|0x000000008ce00000, 0x000000008ce00000, 0x000000008cf00000|  0%| F|  |TAMS 0x000000008ce00000, 0x000000008ce00000| Untracked 
| 159|0x000000008cf00000, 0x000000008cf00000, 0x000000008d000000|  0%| F|  |TAMS 0x000000008cf00000, 0x000000008cf00000| Untracked 
| 160|0x000000008d000000, 0x000000008d000000, 0x000000008d100000|  0%| F|  |TAMS 0x000000008d000000, 0x000000008d000000| Untracked 
| 161|0x000000008d100000, 0x000000008d100000, 0x000000008d200000|  0%| F|  |TAMS 0x000000008d100000, 0x000000008d100000| Untracked 
| 162|0x000000008d200000, 0x000000008d200000, 0x000000008d300000|  0%| F|  |TAMS 0x000000008d200000, 0x000000008d200000| Untracked 
| 163|0x000000008d300000, 0x000000008d300000, 0x000000008d400000|  0%| F|  |TAMS 0x000000008d300000, 0x000000008d300000| Untracked 
| 164|0x000000008d400000, 0x000000008d400000, 0x000000008d500000|  0%| F|  |TAMS 0x000000008d400000, 0x000000008d400000| Untracked 
| 165|0x000000008d500000, 0x000000008d500000, 0x000000008d600000|  0%| F|  |TAMS 0x000000008d500000, 0x000000008d500000| Untracked 
| 166|0x000000008d600000, 0x000000008d600000, 0x000000008d700000|  0%| F|  |TAMS 0x000000008d600000, 0x000000008d600000| Untracked 
| 167|0x000000008d700000, 0x000000008d700000, 0x000000008d800000|  0%| F|  |TAMS 0x000000008d700000, 0x000000008d700000| Untracked 
| 168|0x000000008d800000, 0x000000008d800000, 0x000000008d900000|  0%| F|  |TAMS 0x000000008d800000, 0x000000008d800000| Untracked 
| 169|0x000000008d900000, 0x000000008d900000, 0x000000008da00000|  0%| F|  |TAMS 0x000000008d900000, 0x000000008d900000| Untracked 
| 170|0x000000008da00000, 0x000000008da00000, 0x000000008db00000|  0%| F|  |TAMS 0x000000008da00000, 0x000000008da00000| Untracked 
| 171|0x000000008db00000, 0x000000008db00000, 0x000000008dc00000|  0%| F|  |TAMS 0x000000008db00000, 0x000000008db00000| Untracked 
| 172|0x000000008dc00000, 0x000000008dc00000, 0x000000008dd00000|  0%| F|  |TAMS 0x000000008dc00000, 0x000000008dc00000| Untracked 
| 173|0x000000008dd00000, 0x000000008de00000, 0x000000008de00000|100%| E|  |TAMS 0x000000008dd00000, 0x000000008dd00000| Complete 
| 174|0x000000008de00000, 0x000000008df00000, 0x000000008df00000|100%| E|CS|TAMS 0x000000008de00000, 0x000000008de00000| Complete 
| 175|0x000000008df00000, 0x000000008e000000, 0x000000008e000000|100%| E|CS|TAMS 0x000000008df00000, 0x000000008df00000| Complete 
| 176|0x000000008e000000, 0x000000008e100000, 0x000000008e100000|100%| E|CS|TAMS 0x000000008e000000, 0x000000008e000000| Complete 
| 177|0x000000008e100000, 0x000000008e200000, 0x000000008e200000|100%| E|CS|TAMS 0x000000008e100000, 0x000000008e100000| Complete 
| 178|0x000000008e200000, 0x000000008e300000, 0x000000008e300000|100%| E|CS|TAMS 0x000000008e200000, 0x000000008e200000| Complete 
| 179|0x000000008e300000, 0x000000008e400000, 0x000000008e400000|100%| E|CS|TAMS 0x000000008e300000, 0x000000008e300000| Complete 
| 180|0x000000008e400000, 0x000000008e500000, 0x000000008e500000|100%| E|CS|TAMS 0x000000008e400000, 0x000000008e400000| Complete 
| 181|0x000000008e500000, 0x000000008e600000, 0x000000008e600000|100%| E|CS|TAMS 0x000000008e500000, 0x000000008e500000| Complete 
| 182|0x000000008e600000, 0x000000008e700000, 0x000000008e700000|100%| E|CS|TAMS 0x000000008e600000, 0x000000008e600000| Complete 
| 183|0x000000008e700000, 0x000000008e800000, 0x000000008e800000|100%| E|CS|TAMS 0x000000008e700000, 0x000000008e700000| Complete 
| 184|0x000000008e800000, 0x000000008e900000, 0x000000008e900000|100%| E|CS|TAMS 0x000000008e800000, 0x000000008e800000| Complete 
| 185|0x000000008e900000, 0x000000008ea00000, 0x000000008ea00000|100%| E|CS|TAMS 0x000000008e900000, 0x000000008e900000| Complete 
| 186|0x000000008ea00000, 0x000000008eb00000, 0x000000008eb00000|100%| E|CS|TAMS 0x000000008ea00000, 0x000000008ea00000| Complete 
| 187|0x000000008eb00000, 0x000000008ec00000, 0x000000008ec00000|100%| E|CS|TAMS 0x000000008eb00000, 0x000000008eb00000| Complete 
| 188|0x000000008ec00000, 0x000000008ed00000, 0x000000008ed00000|100%| E|CS|TAMS 0x000000008ec00000, 0x000000008ec00000| Complete 
| 189|0x000000008ed00000, 0x000000008ee00000, 0x000000008ee00000|100%| E|CS|TAMS 0x000000008ed00000, 0x000000008ed00000| Complete 
| 190|0x000000008ee00000, 0x000000008ef00000, 0x000000008ef00000|100%| E|CS|TAMS 0x000000008ee00000, 0x000000008ee00000| Complete 
| 191|0x000000008ef00000, 0x000000008f000000, 0x000000008f000000|100%| E|CS|TAMS 0x000000008ef00000, 0x000000008ef00000| Complete 
| 192|0x000000008f000000, 0x000000008f100000, 0x000000008f100000|100%| E|CS|TAMS 0x000000008f000000, 0x000000008f000000| Complete 
| 193|0x000000008f100000, 0x000000008f200000, 0x000000008f200000|100%| E|CS|TAMS 0x000000008f100000, 0x000000008f100000| Complete 
| 194|0x000000008f200000, 0x000000008f300000, 0x000000008f300000|100%| E|CS|TAMS 0x000000008f200000, 0x000000008f200000| Complete 
| 195|0x000000008f300000, 0x000000008f400000, 0x000000008f400000|100%| E|CS|TAMS 0x000000008f300000, 0x000000008f300000| Complete 
| 196|0x000000008f400000, 0x000000008f500000, 0x000000008f500000|100%| E|CS|TAMS 0x000000008f400000, 0x000000008f400000| Complete 
| 197|0x000000008f500000, 0x000000008f600000, 0x000000008f600000|100%| E|CS|TAMS 0x000000008f500000, 0x000000008f500000| Complete 
| 198|0x000000008f600000, 0x000000008f700000, 0x000000008f700000|100%| E|CS|TAMS 0x000000008f600000, 0x000000008f600000| Complete 
| 199|0x000000008f700000, 0x000000008f800000, 0x000000008f800000|100%| E|CS|TAMS 0x000000008f700000, 0x000000008f700000| Complete 
| 200|0x000000008f800000, 0x000000008f900000, 0x000000008f900000|100%| E|CS|TAMS 0x000000008f800000, 0x000000008f800000| Complete 
| 201|0x000000008f900000, 0x000000008fa00000, 0x000000008fa00000|100%| E|CS|TAMS 0x000000008f900000, 0x000000008f900000| Complete 
| 202|0x000000008fa00000, 0x000000008fb00000, 0x000000008fb00000|100%| E|CS|TAMS 0x000000008fa00000, 0x000000008fa00000| Complete 
| 203|0x000000008fb00000, 0x000000008fc00000, 0x000000008fc00000|100%| E|CS|TAMS 0x000000008fb00000, 0x000000008fb00000| Complete 
| 204|0x000000008fc00000, 0x000000008fd00000, 0x000000008fd00000|100%| E|CS|TAMS 0x000000008fc00000, 0x000000008fc00000| Complete 
| 205|0x000000008fd00000, 0x000000008fe00000, 0x000000008fe00000|100%| E|CS|TAMS 0x000000008fd00000, 0x000000008fd00000| Complete 
| 206|0x000000008fe00000, 0x000000008ff00000, 0x000000008ff00000|100%| E|CS|TAMS 0x000000008fe00000, 0x000000008fe00000| Complete 
| 207|0x000000008ff00000, 0x0000000090000000, 0x0000000090000000|100%| E|CS|TAMS 0x000000008ff00000, 0x000000008ff00000| Complete 
| 208|0x0000000090000000, 0x0000000090100000, 0x0000000090100000|100%| E|CS|TAMS 0x0000000090000000, 0x0000000090000000| Complete 
| 209|0x0000000090100000, 0x0000000090200000, 0x0000000090200000|100%| E|CS|TAMS 0x0000000090100000, 0x0000000090100000| Complete 
| 210|0x0000000090200000, 0x0000000090300000, 0x0000000090300000|100%| E|CS|TAMS 0x0000000090200000, 0x0000000090200000| Complete 
| 211|0x0000000090300000, 0x0000000090400000, 0x0000000090400000|100%| E|CS|TAMS 0x0000000090300000, 0x0000000090300000| Complete 
| 212|0x0000000090400000, 0x0000000090500000, 0x0000000090500000|100%| E|CS|TAMS 0x0000000090400000, 0x0000000090400000| Complete 
| 213|0x0000000090500000, 0x0000000090600000, 0x0000000090600000|100%| E|CS|TAMS 0x0000000090500000, 0x0000000090500000| Complete 
| 214|0x0000000090600000, 0x0000000090700000, 0x0000000090700000|100%| E|CS|TAMS 0x0000000090600000, 0x0000000090600000| Complete 
| 215|0x0000000090700000, 0x0000000090800000, 0x0000000090800000|100%| E|CS|TAMS 0x0000000090700000, 0x0000000090700000| Complete 
| 216|0x0000000090800000, 0x0000000090900000, 0x0000000090900000|100%| E|CS|TAMS 0x0000000090800000, 0x0000000090800000| Complete 
| 217|0x0000000090900000, 0x0000000090a00000, 0x0000000090a00000|100%| E|CS|TAMS 0x0000000090900000, 0x0000000090900000| Complete 
| 218|0x0000000090a00000, 0x0000000090b00000, 0x0000000090b00000|100%| E|CS|TAMS 0x0000000090a00000, 0x0000000090a00000| Complete 
| 219|0x0000000090b00000, 0x0000000090c00000, 0x0000000090c00000|100%| E|CS|TAMS 0x0000000090b00000, 0x0000000090b00000| Complete 
| 220|0x0000000090c00000, 0x0000000090d00000, 0x0000000090d00000|100%| E|CS|TAMS 0x0000000090c00000, 0x0000000090c00000| Complete 
| 221|0x0000000090d00000, 0x0000000090e00000, 0x0000000090e00000|100%| E|CS|TAMS 0x0000000090d00000, 0x0000000090d00000| Complete 
| 222|0x0000000090e00000, 0x0000000090f00000, 0x0000000090f00000|100%| E|CS|TAMS 0x0000000090e00000, 0x0000000090e00000| Complete 
| 223|0x0000000090f00000, 0x0000000091000000, 0x0000000091000000|100%| E|CS|TAMS 0x0000000090f00000, 0x0000000090f00000| Complete 
| 224|0x0000000091000000, 0x0000000091100000, 0x0000000091100000|100%| E|CS|TAMS 0x0000000091000000, 0x0000000091000000| Complete 
| 225|0x0000000091100000, 0x0000000091200000, 0x0000000091200000|100%| E|CS|TAMS 0x0000000091100000, 0x0000000091100000| Complete 

Card table byte_map: [0x000002837b8c0000,0x000002837bcb0000] _byte_map_base: 0x000002837b4a8000

Marking Bits (Prev, Next): (CMBitMap*) 0x0000028375c27a40, (CMBitMap*) 0x0000028375c27a00
 Prev Bits: [0x000002837dfe0000, 0x000002837ff20000)
 Next Bits: [0x000002837c0a0000, 0x000002837dfe0000)

Polling page: 0x0000028375c90000

Metaspace:

Usage:
  Non-class:     36.73 MB used.
      Class:      4.27 MB used.
       Both:     41.00 MB used.

Virtual space:
  Non-class space:       64.00 MB reserved,      36.94 MB ( 58%) committed,  1 nodes.
      Class space:        1.00 GB reserved,       4.44 MB ( <1%) committed,  1 nodes.
             Both:        1.06 GB reserved,      41.38 MB (  4%) committed. 

Chunk freelists:
   Non-Class:  10.47 MB
       Class:  11.53 MB
        Both:  22.00 MB

MaxMetaspaceSize: unlimited
CompressedClassSpaceSize: 1.00 GB
Initial GC threshold: 21.00 MB
Current GC threshold: 64.38 MB
CDS: off
MetaspaceReclaimPolicy: balanced
 - commit_granule_bytes: 65536.
 - commit_granule_words: 8192.
 - virtual_space_node_default_size: 8388608.
 - enlarge_chunks_in_place: 1.
 - new_chunks_are_fully_committed: 0.
 - uncommit_free_chunks: 1.
 - use_allocation_guard: 0.
 - handle_deallocations: 1.


Internal statistics:

num_allocs_failed_limit: 6.
num_arena_births: 222.
num_arena_deaths: 0.
num_vsnodes_births: 2.
num_vsnodes_deaths: 0.
num_space_committed: 662.
num_space_uncommitted: 0.
num_chunks_returned_to_freelist: 6.
num_chunks_taken_from_freelist: 1381.
num_chunk_merges: 3.
num_chunk_splits: 953.
num_chunks_enlarged: 742.
num_inconsistent_stats: 0.

CodeHeap 'non-profiled nmethods': size=120000Kb used=3885Kb max_used=3885Kb free=116114Kb
 bounds [0x0000028307ad0000, 0x0000028307ea0000, 0x000002830f000000]
CodeHeap 'profiled nmethods': size=120000Kb used=17380Kb max_used=17380Kb free=102619Kb
 bounds [0x0000028300000000, 0x0000028301100000, 0x0000028307530000]
CodeHeap 'non-nmethods': size=5760Kb used=1239Kb max_used=1311Kb free=4520Kb
 bounds [0x0000028307530000, 0x00000283077a0000, 0x0000028307ad0000]
 total_blobs=8923 nmethods=8375 adapters=460
 compilation: enabled
              stopped_count=0, restarted_count=0
 full_count=0

Compilation events (20 events):
Event: 18.825 Thread 0x0000028311ac3450 nmethod 9189 0x0000028307e9a210 code [0x0000028307e9a3a0, 0x0000028307e9a8a8]
Event: 18.825 Thread 0x0000028311ac3450 9152  s    4       java.lang.Throwable::fillInStackTrace (29 bytes)
Event: 18.825 Thread 0x0000028311ac5a20 9330       3       java.util.Locale::hashCode (41 bytes)
Event: 18.826 Thread 0x0000028311ac5a20 nmethod 9330 0x00000283010f6090 code [0x00000283010f6240, 0x00000283010f6458]
Event: 18.827 Thread 0x0000028311ac5a20 9331       3       java.lang.System::lineSeparator (4 bytes)
Event: 18.827 Thread 0x0000028311ac5a20 nmethod 9331 0x00000283010f6590 code [0x00000283010f6720, 0x00000283010f6818]
Event: 18.827 Thread 0x0000028311ac3450 nmethod 9152 0x0000028307e9ab10 code [0x0000028307e9aca0, 0x0000028307e9b048]
Event: 18.827 Thread 0x0000028311ac3450 9123   !   4       java.lang.reflect.Field::declaredAnnotations (82 bytes)
Event: 18.829 Thread 0x0000028311ac5a20 9332  s    1       java.lang.StringBuffer::length (5 bytes)
Event: 18.829 Thread 0x0000028311ac5a20 nmethod 9332 0x0000028307e9b110 code [0x0000028307e9b2a0, 0x0000028307e9b418]
Event: 18.829 Thread 0x0000028311ac5a20 9333       3       java.lang.StringCoding::implEncodeAsciiArray (47 bytes)
Event: 18.829 Thread 0x0000028311ac5a20 nmethod 9333 0x00000283010f6890 code [0x00000283010f6a40, 0x00000283010f6c98]
Event: 18.830 Thread 0x0000028311ac5a20 9334       1       java.util.concurrent.atomic.AtomicInteger::get (5 bytes)
Event: 18.831 Thread 0x0000028311ac5a20 nmethod 9334 0x0000028307e9b490 code [0x0000028307e9b620, 0x0000028307e9b6f8]
Event: 18.834 Thread 0x0000028311ac5a20 9335       3       java.util.Calendar::internalGet (7 bytes)
Event: 18.834 Thread 0x0000028311ac5a20 nmethod 9335 0x00000283010f6e10 code [0x00000283010f6fa0, 0x00000283010f70d8]
Event: 18.835 Thread 0x0000028311ac5a20 9336       3       java.lang.Character::isUpperCase (5 bytes)
Event: 18.835 Thread 0x0000028311ac5a20 nmethod 9336 0x00000283010f7190 code [0x00000283010f7340, 0x00000283010f7598]
Event: 18.835 Thread 0x0000028311ac5a20 9337       3       java.lang.Character::isUpperCase (9 bytes)
Event: 18.835 Thread 0x0000028311ac5a20 nmethod 9337 0x00000283010f7690 code [0x00000283010f7840, 0x00000283010f7a38]

GC Heap History (20 events):
Event: 9.440 GC heap before
{Heap before GC invocations=16 (full 0):
 garbage-first heap   total 79872K, used 58368K [0x0000000083000000, 0x0000000100000000)
  region size 1024K, 24 young (24576K), 5 survivors (5120K)
 Metaspace       used 35845K, committed 36096K, reserved 1114112K
  class space    used 3807K, committed 3904K, reserved 1048576K
}
Event: 9.449 GC heap after
{Heap after GC invocations=17 (full 0):
 garbage-first heap   total 79872K, used 45028K [0x0000000083000000, 0x0000000100000000)
  region size 1024K, 3 young (3072K), 3 survivors (3072K)
 Metaspace       used 35845K, committed 36096K, reserved 1114112K
  class space    used 3807K, committed 3904K, reserved 1048576K
}
Event: 9.814 GC heap before
{Heap before GC invocations=17 (full 0):
 garbage-first heap   total 79872K, used 61412K [0x0000000083000000, 0x0000000100000000)
  region size 1024K, 19 young (19456K), 3 survivors (3072K)
 Metaspace       used 36012K, committed 36288K, reserved 1114112K
  class space    used 3829K, committed 3968K, reserved 1048576K
}
Event: 9.829 GC heap after
{Heap after GC invocations=18 (full 0):
 garbage-first heap   total 114688K, used 50176K [0x0000000083000000, 0x0000000100000000)
  region size 1024K, 3 young (3072K), 3 survivors (3072K)
 Metaspace       used 36012K, committed 36288K, reserved 1114112K
  class space    used 3829K, committed 3968K, reserved 1048576K
}
Event: 10.135 GC heap before
{Heap before GC invocations=19 (full 0):
 garbage-first heap   total 114688K, used 78848K [0x0000000083000000, 0x0000000100000000)
  region size 1024K, 30 young (30720K), 3 survivors (3072K)
 Metaspace       used 36604K, committed 36864K, reserved 1114112K
  class space    used 3870K, committed 3968K, reserved 1048576K
}
Event: 10.153 GC heap after
{Heap after GC invocations=20 (full 0):
 garbage-first heap   total 114688K, used 56272K [0x0000000083000000, 0x0000000100000000)
  region size 1024K, 4 young (4096K), 4 survivors (4096K)
 Metaspace       used 36604K, committed 36864K, reserved 1114112K
  class space    used 3870K, committed 3968K, reserved 1048576K
}
Event: 10.240 GC heap before
{Heap before GC invocations=20 (full 0):
 garbage-first heap   total 114688K, used 65488K [0x0000000083000000, 0x0000000100000000)
  region size 1024K, 14 young (14336K), 4 survivors (4096K)
 Metaspace       used 36691K, committed 36928K, reserved 1114112K
  class space    used 3873K, committed 3968K, reserved 1048576K
}
Event: 10.253 GC heap after
{Heap after GC invocations=21 (full 0):
 garbage-first heap   total 114688K, used 58096K [0x0000000083000000, 0x0000000100000000)
  region size 1024K, 2 young (2048K), 2 survivors (2048K)
 Metaspace       used 36691K, committed 36928K, reserved 1114112K
  class space    used 3873K, committed 3968K, reserved 1048576K
}
Event: 10.613 GC heap before
{Heap before GC invocations=22 (full 0):
 garbage-first heap   total 114688K, used 84720K [0x0000000083000000, 0x0000000100000000)
  region size 1024K, 27 young (27648K), 2 survivors (2048K)
 Metaspace       used 37495K, committed 37824K, reserved 1114112K
  class space    used 3954K, committed 4096K, reserved 1048576K
}
Event: 10.622 GC heap after
{Heap after GC invocations=23 (full 0):
 garbage-first heap   total 114688K, used 60624K [0x0000000083000000, 0x0000000100000000)
  region size 1024K, 4 young (4096K), 4 survivors (4096K)
 Metaspace       used 37495K, committed 37824K, reserved 1114112K
  class space    used 3954K, committed 4096K, reserved 1048576K
}
Event: 10.639 GC heap before
{Heap before GC invocations=23 (full 0):
 garbage-first heap   total 114688K, used 61648K [0x0000000083000000, 0x0000000100000000)
  region size 1024K, 5 young (5120K), 4 survivors (4096K)
 Metaspace       used 37586K, committed 37952K, reserved 1114112K
  class space    used 3974K, committed 4160K, reserved 1048576K
}
Event: 10.651 GC heap after
{Heap after GC invocations=24 (full 0):
 garbage-first heap   total 114688K, used 60517K [0x0000000083000000, 0x0000000100000000)
  region size 1024K, 1 young (1024K), 1 survivors (1024K)
 Metaspace       used 37586K, committed 37952K, reserved 1114112K
  class space    used 3974K, committed 4160K, reserved 1048576K
}
Event: 11.217 GC heap before
{Heap before GC invocations=24 (full 0):
 garbage-first heap   total 114688K, used 85093K [0x0000000083000000, 0x0000000100000000)
  region size 1024K, 26 young (26624K), 1 survivors (1024K)
 Metaspace       used 39191K, committed 39488K, reserved 1114112K
  class space    used 4127K, committed 4288K, reserved 1048576K
}
Event: 11.223 GC heap after
{Heap after GC invocations=25 (full 0):
 garbage-first heap   total 114688K, used 61942K [0x0000000083000000, 0x0000000100000000)
  region size 1024K, 2 young (2048K), 2 survivors (2048K)
 Metaspace       used 39191K, committed 39488K, reserved 1114112K
  class space    used 4127K, committed 4288K, reserved 1048576K
}
Event: 11.995 GC heap before
{Heap before GC invocations=26 (full 0):
 garbage-first heap   total 114688K, used 88566K [0x0000000083000000, 0x0000000100000000)
  region size 1024K, 28 young (28672K), 2 survivors (2048K)
 Metaspace       used 39605K, committed 40000K, reserved 1114112K
  class space    used 4164K, committed 4352K, reserved 1048576K
}
Event: 12.006 GC heap after
{Heap after GC invocations=27 (full 0):
 garbage-first heap   total 114688K, used 62663K [0x0000000083000000, 0x0000000100000000)
  region size 1024K, 4 young (4096K), 4 survivors (4096K)
 Metaspace       used 39605K, committed 40000K, reserved 1114112K
  class space    used 4164K, committed 4352K, reserved 1048576K
}
Event: 12.033 GC heap before
{Heap before GC invocations=27 (full 0):
 garbage-first heap   total 114688K, used 63687K [0x0000000083000000, 0x0000000100000000)
  region size 1024K, 5 young (5120K), 4 survivors (4096K)
 Metaspace       used 39605K, committed 40000K, reserved 1114112K
  class space    used 4164K, committed 4352K, reserved 1048576K
}
Event: 12.043 GC heap after
{Heap after GC invocations=28 (full 0):
 garbage-first heap   total 231424K, used 63087K [0x0000000083000000, 0x0000000100000000)
  region size 1024K, 1 young (1024K), 1 survivors (1024K)
 Metaspace       used 39605K, committed 40000K, reserved 1114112K
  class space    used 4164K, committed 4352K, reserved 1048576K
}
Event: 13.839 GC heap before
{Heap before GC invocations=28 (full 0):
 garbage-first heap   total 231424K, used 168559K [0x0000000083000000, 0x0000000100000000)
  region size 1024K, 100 young (102400K), 1 survivors (1024K)
 Metaspace       used 39769K, committed 40128K, reserved 1114112K
  class space    used 4169K, committed 4352K, reserved 1048576K
}
Event: 13.855 GC heap after
{Heap after GC invocations=29 (full 0):
 garbage-first heap   total 231424K, used 95705K [0x0000000083000000, 0x0000000100000000)
  region size 1024K, 13 young (13312K), 13 survivors (13312K)
 Metaspace       used 39769K, committed 40128K, reserved 1114112K
  class space    used 4169K, committed 4352K, reserved 1048576K
}

Dll operation events (7 events):
Event: 0.014 Loaded shared library C:\Users\Byron\.p2\pool\plugins\org.eclipse.justj.openjdk.hotspot.jre.full.win32.x86_64_17.0.7.v20230425-1502\jre\bin\java.dll
Event: 0.099 Loaded shared library C:\Users\Byron\.p2\pool\plugins\org.eclipse.justj.openjdk.hotspot.jre.full.win32.x86_64_17.0.7.v20230425-1502\jre\bin\net.dll
Event: 0.102 Loaded shared library C:\Users\Byron\.p2\pool\plugins\org.eclipse.justj.openjdk.hotspot.jre.full.win32.x86_64_17.0.7.v20230425-1502\jre\bin\nio.dll
Event: 0.110 Loaded shared library C:\Users\Byron\.p2\pool\plugins\org.eclipse.justj.openjdk.hotspot.jre.full.win32.x86_64_17.0.7.v20230425-1502\jre\bin\zip.dll
Event: 0.397 Loaded shared library C:\Users\Byron\.p2\pool\plugins\org.eclipse.justj.openjdk.hotspot.jre.full.win32.x86_64_17.0.7.v20230425-1502\jre\bin\jimage.dll
Event: 0.623 Loaded shared library C:\Users\Byron\AppData\Local\Temp\jansi-2.4.0-2c266035ead40111-jansi.dll
Event: 0.838 Loaded shared library C:\Users\Byron\.p2\pool\plugins\org.eclipse.justj.openjdk.hotspot.jre.full.win32.x86_64_17.0.7.v20230425-1502\jre\bin\verify.dll

Deoptimization events (20 events):
Event: 18.429 Thread 0x0000028375bc9320 Uncommon trap: trap_request=0xffffffde fr.pc=0x0000028307c31730 relative=0x0000000000000510
Event: 18.429 Thread 0x0000028375bc9320 Uncommon trap: reason=class_check action=maybe_recompile pc=0x0000028307c31730 method=java.util.Collections$UnmodifiableMap$UnmodifiableEntrySet$1.next()Ljava/util/Map$Entry; @ 8 c2
Event: 18.429 Thread 0x0000028375bc9320 DEOPT PACKING pc=0x0000028307c31730 sp=0x000000bd4a1fd6c0
Event: 18.429 Thread 0x0000028375bc9320 DEOPT UNPACKING pc=0x00000283075869a3 sp=0x000000bd4a1fd630 mode 2
Event: 18.429 Thread 0x0000028375bc9320 Uncommon trap: trap_request=0xffffffde fr.pc=0x0000028307c31730 relative=0x0000000000000510
Event: 18.429 Thread 0x0000028375bc9320 Uncommon trap: reason=class_check action=maybe_recompile pc=0x0000028307c31730 method=java.util.Collections$UnmodifiableMap$UnmodifiableEntrySet$1.next()Ljava/util/Map$Entry; @ 8 c2
Event: 18.429 Thread 0x0000028375bc9320 DEOPT PACKING pc=0x0000028307c31730 sp=0x000000bd4a1fd6c0
Event: 18.429 Thread 0x0000028375bc9320 DEOPT UNPACKING pc=0x00000283075869a3 sp=0x000000bd4a1fd630 mode 2
Event: 18.431 Thread 0x0000028375bc9320 Uncommon trap: trap_request=0xffffffbe fr.pc=0x0000028307cdfae0 relative=0x0000000000001f00
Event: 18.431 Thread 0x0000028375bc9320 Uncommon trap: reason=profile_predicate action=maybe_recompile pc=0x0000028307cdfae0 method=java.util.TimSort.binarySort([Ljava/lang/Object;IIILjava/util/Comparator;)V @ 34 c2
Event: 18.431 Thread 0x0000028375bc9320 DEOPT PACKING pc=0x0000028307cdfae0 sp=0x000000bd4a1fd390
Event: 18.431 Thread 0x0000028375bc9320 DEOPT UNPACKING pc=0x00000283075869a3 sp=0x000000bd4a1fd370 mode 2
Event: 18.431 Thread 0x0000028375bc9320 Uncommon trap: trap_request=0xffffffbe fr.pc=0x0000028307cdfae0 relative=0x0000000000001f00
Event: 18.431 Thread 0x0000028375bc9320 Uncommon trap: reason=profile_predicate action=maybe_recompile pc=0x0000028307cdfae0 method=java.util.TimSort.binarySort([Ljava/lang/Object;IIILjava/util/Comparator;)V @ 34 c2
Event: 18.431 Thread 0x0000028375bc9320 DEOPT PACKING pc=0x0000028307cdfae0 sp=0x000000bd4a1fd390
Event: 18.431 Thread 0x0000028375bc9320 DEOPT UNPACKING pc=0x00000283075869a3 sp=0x000000bd4a1fd370 mode 2
Event: 18.817 Thread 0x000002831723a7b0 Uncommon trap: trap_request=0xffffff45 fr.pc=0x0000028307e8a420 relative=0x00000000000017e0
Event: 18.817 Thread 0x000002831723a7b0 Uncommon trap: reason=unstable_if action=reinterpret pc=0x0000028307e8a420 method=java.nio.charset.CharsetDecoder.decode(Ljava/nio/ByteBuffer;Ljava/nio/CharBuffer;Z)Ljava/nio/charset/CoderResult; @ 93 c2
Event: 18.817 Thread 0x000002831723a7b0 DEOPT PACKING pc=0x0000028307e8a420 sp=0x000000bd4ccfee20
Event: 18.818 Thread 0x000002831723a7b0 DEOPT UNPACKING pc=0x00000283075869a3 sp=0x000000bd4ccfed40 mode 2

Classes unloaded (0 events):
No events

Classes redefined (0 events):
No events

Internal exceptions (20 events):
Event: 13.870 Thread 0x0000028375bc9320 Exception <a 'sun/nio/fs/WindowsException'{0x000000009104bfa8}> (0x000000009104bfa8) 
thrown [s\src\hotspot\share\prims\jni.cpp, line 516]
Event: 13.875 Thread 0x0000028375bc9320 Exception <a 'sun/nio/fs/WindowsException'{0x0000000090f17738}> (0x0000000090f17738) 
thrown [s\src\hotspot\share\prims\jni.cpp, line 516]
Event: 13.875 Thread 0x0000028375bc9320 Exception <a 'sun/nio/fs/WindowsException'{0x0000000090f17f00}> (0x0000000090f17f00) 
thrown [s\src\hotspot\share\prims\jni.cpp, line 516]
Event: 13.876 Thread 0x0000028375bc9320 Exception <a 'sun/nio/fs/WindowsException'{0x0000000090f184c0}> (0x0000000090f184c0) 
thrown [s\src\hotspot\share\prims\jni.cpp, line 516]
Event: 13.876 Thread 0x0000028375bc9320 Exception <a 'sun/nio/fs/WindowsException'{0x0000000090f18c78}> (0x0000000090f18c78) 
thrown [s\src\hotspot\share\prims\jni.cpp, line 516]
Event: 13.876 Thread 0x0000028375bc9320 Exception <a 'sun/nio/fs/WindowsException'{0x0000000090f19088}> (0x0000000090f19088) 
thrown [s\src\hotspot\share\prims\jni.cpp, line 516]
Event: 13.876 Thread 0x0000028375bc9320 Exception <a 'sun/nio/fs/WindowsException'{0x0000000090f19da8}> (0x0000000090f19da8) 
thrown [s\src\hotspot\share\prims\jni.cpp, line 516]
Event: 13.876 Thread 0x0000028375bc9320 Exception <a 'sun/nio/fs/WindowsException'{0x0000000090f1a188}> (0x0000000090f1a188) 
thrown [s\src\hotspot\share\prims\jni.cpp, line 516]
Event: 13.876 Thread 0x0000028375bc9320 Exception <a 'sun/nio/fs/WindowsException'{0x0000000090f1ae98}> (0x0000000090f1ae98) 
thrown [s\src\hotspot\share\prims\jni.cpp, line 516]
Event: 17.668 Thread 0x00000283186503b0 Implicit null exception at 0x0000028307cc6b17 to 0x0000028307cc6cfc
Event: 17.675 Thread 0x0000028375bc9320 Exception <a 'java/lang/NoSuchMethodError'{0x000000008f551aa0}: 'java.lang.String org.apache.maven.execution.MavenExecutionRequest.getFailureBehavior()'> (0x000000008f551aa0) 
thrown [s\src\hotspot\share\interpreter\linkResolver.cpp, line 855]
Event: 17.684 Thread 0x00000283186503b0 Exception <a 'java/lang/NoSuchMethodError'{0x000000008f73d598}: 'java.lang.Object java.lang.invoke.DirectMethodHandle$Holder.invokeStaticInit(java.lang.Object, java.lang.Object, long, java.lang.Object)'> (0x000000008f73d598) 
thrown [s\src\hotspot\share\interpreter\linkResolver.cpp, line 759]
Event: 17.686 Thread 0x00000283186503b0 Exception <a 'java/lang/NoSuchMethodError'{0x000000008f743c88}: 'java.lang.Object java.lang.invoke.DirectMethodHandle$Holder.newInvokeSpecial(java.lang.Object, java.lang.Object, long)'> (0x000000008f743c88) 
thrown [s\src\hotspot\share\interpreter\linkResolver.cpp, line 759]
Event: 17.686 Thread 0x00000283186503b0 Exception <a 'java/lang/NoSuchMethodError'{0x000000008f7477f8}: 'java.lang.Object java.lang.invoke.Invokers$Holder.linkToTargetMethod(java.lang.Object, long, java.lang.Object)'> (0x000000008f7477f8) 
thrown [s\src\hotspot\share\interpreter\linkResolver.cpp, line 759]
Event: 17.954 Thread 0x0000028375bc9320 Exception <a 'java/lang/NoSuchMethodError'{0x000000008f4a0618}: 'java.lang.Object java.lang.invoke.DirectMethodHandle$Holder.invokeStaticInit(java.lang.Object, java.lang.Object, int, int, int, int)'> (0x000000008f4a0618) 
thrown [s\src\hotspot\share\interpreter\linkResolver.cpp, line 759]
Event: 17.995 Thread 0x0000028375bc9320 Exception <a 'java/lang/NoSuchMethodError'{0x000000008f2eea00}: 'int java.lang.invoke.DirectMethodHandle$Holder.invokeSpecialIFC(java.lang.Object, java.lang.Object, java.lang.Object, java.lang.Object)'> (0x000000008f2eea00) 
thrown [s\src\hotspot\share\interpreter\linkResolver.cpp, line 759]
Event: 18.044 Thread 0x000002831675c2d0 Implicit null exception at 0x0000028307d16d00 to 0x0000028307d16e5c
Event: 18.044 Thread 0x000002831675af90 Implicit null exception at 0x0000028307d16d00 to 0x0000028307d16e5c
Event: 18.495 Thread 0x0000028375bc9320 Exception <a 'java/lang/NoSuchMethodError'{0x000000008df4a300}: 'void java.lang.invoke.DirectMethodHandle$Holder.invokeStatic(java.lang.Object, long)'> (0x000000008df4a300) 
thrown [s\src\hotspot\share\interpreter\linkResolver.cpp, line 759]
Event: 18.496 Thread 0x0000028375bc9320 Exception <a 'java/lang/NoSuchMethodError'{0x000000008df4f950}: 'java.lang.Object java.lang.invoke.DirectMethodHandle$Holder.newInvokeSpecial(java.lang.Object, long)'> (0x000000008df4f950) 
thrown [s\src\hotspot\share\interpreter\linkResolver.cpp, line 759]

VM Operations (20 events):
Event: 14.856 Executing VM operation: Cleanup
Event: 14.856 Executing VM operation: Cleanup done
Event: 15.867 Executing VM operation: Cleanup
Event: 15.867 Executing VM operation: Cleanup done
Event: 16.883 Executing VM operation: Cleanup
Event: 16.883 Executing VM operation: Cleanup done
Event: 17.650 Executing VM operation: HandshakeAllThreads
Event: 17.650 Executing VM operation: HandshakeAllThreads done
Event: 17.659 Executing VM operation: HandshakeAllThreads
Event: 17.659 Executing VM operation: HandshakeAllThreads done
Event: 18.330 Executing VM operation: HandshakeAllThreads
Event: 18.330 Executing VM operation: HandshakeAllThreads done
Event: 18.330 Executing VM operation: Cleanup
Event: 18.330 Executing VM operation: Cleanup done
Event: 18.342 Executing VM operation: HandshakeAllThreads
Event: 18.342 Executing VM operation: HandshakeAllThreads done
Event: 18.424 Executing VM operation: HandshakeAllThreads
Event: 18.424 Executing VM operation: HandshakeAllThreads done
Event: 18.498 Executing VM operation: HandshakeAllThreads
Event: 18.498 Executing VM operation: HandshakeAllThreads done

Events (20 events):
Event: 18.429 loading class java/lang/IllegalThreadStateException done
Event: 18.430 loading class java/lang/ProcessBuilder
Event: 18.430 loading class java/lang/ProcessBuilder done
Event: 18.430 loading class java/lang/ProcessImpl
Event: 18.431 loading class java/lang/Process
Event: 18.431 loading class java/lang/Process done
Event: 18.431 loading class java/lang/ProcessImpl done
Event: 18.496 loading class java/lang/ProcessImpl$2
Event: 18.497 loading class java/lang/ProcessImpl$2 done
Event: 18.497 loading class java/lang/Process$PipeInputStream
Event: 18.497 loading class java/lang/Process$PipeInputStream done
Event: 18.499 loading class jdk/internal/event/ProcessStartEvent
Event: 18.499 loading class jdk/internal/event/ProcessStartEvent done
Event: 18.503 Thread 0x000002831723e170 Thread added: 0x000002831723e170
Event: 18.504 Thread 0x000002831723c960 Thread added: 0x000002831723c960
Event: 18.504 Thread 0x000002831723a7b0 Thread added: 0x000002831723a7b0
Event: 18.826 loading class java/lang/Throwable$WrappedPrintWriter
Event: 18.826 loading class java/lang/Throwable$PrintStreamOrWriter
Event: 18.826 loading class java/lang/Throwable$PrintStreamOrWriter done
Event: 18.826 loading class java/lang/Throwable$WrappedPrintWriter done


Dynamic libraries:
0x00007ff7c35f0000 - 0x00007ff7c35fe000 	C:\Users\Byron\.p2\pool\plugins\org.eclipse.justj.openjdk.hotspot.jre.full.win32.x86_64_17.0.7.v20230425-1502\jre\bin\javaw.exe
0x00007ffc943b0000 - 0x00007ffc945c7000 	C:\WINDOWS\SYSTEM32\ntdll.dll
0x00007ffc933e0000 - 0x00007ffc934a4000 	C:\WINDOWS\System32\KERNEL32.DLL
0x00007ffc91950000 - 0x00007ffc91cf5000 	C:\WINDOWS\System32\KERNELBASE.dll
0x00007ffc91fe0000 - 0x00007ffc920f1000 	C:\WINDOWS\System32\ucrtbase.dll
0x00007ffc60d20000 - 0x00007ffc60d37000 	C:\Users\Byron\.p2\pool\plugins\org.eclipse.justj.openjdk.hotspot.jre.full.win32.x86_64_17.0.7.v20230425-1502\jre\bin\jli.dll
0x00007ffc927e0000 - 0x00007ffc9298e000 	C:\WINDOWS\System32\USER32.dll
0x00007ffc91fb0000 - 0x00007ffc91fd6000 	C:\WINDOWS\System32\win32u.dll
0x00007ffc55eb0000 - 0x00007ffc55ec9000 	C:\Users\Byron\.p2\pool\plugins\org.eclipse.justj.openjdk.hotspot.jre.full.win32.x86_64_17.0.7.v20230425-1502\jre\bin\VCRUNTIME140.dll
0x00007ffc931c0000 - 0x00007ffc931e9000 	C:\WINDOWS\System32\GDI32.dll
0x00007ffc6f330000 - 0x00007ffc6f5c3000 	C:\WINDOWS\WinSxS\amd64_microsoft.windows.common-controls_6595b64144ccf1df_6.0.22621.2506_none_270c5ae97388e100\COMCTL32.dll
0x00007ffc91d80000 - 0x00007ffc91e99000 	C:\WINDOWS\System32\gdi32full.dll
0x00007ffc92b40000 - 0x00007ffc92be7000 	C:\WINDOWS\System32\msvcrt.dll
0x00007ffc91f10000 - 0x00007ffc91faa000 	C:\WINDOWS\System32\msvcp_win.dll
0x00007ffc926d0000 - 0x00007ffc92701000 	C:\WINDOWS\System32\IMM32.DLL
0x00007ffc7f2c0000 - 0x00007ffc7f2cc000 	C:\Users\Byron\.p2\pool\plugins\org.eclipse.justj.openjdk.hotspot.jre.full.win32.x86_64_17.0.7.v20230425-1502\jre\bin\vcruntime140_1.dll
0x00007ffc55de0000 - 0x00007ffc55e71000 	C:\Users\Byron\.p2\pool\plugins\org.eclipse.justj.openjdk.hotspot.jre.full.win32.x86_64_17.0.7.v20230425-1502\jre\bin\msvcp140.dll
0x00007ffb89ca0000 - 0x00007ffb8a8e8000 	C:\Users\Byron\.p2\pool\plugins\org.eclipse.justj.openjdk.hotspot.jre.full.win32.x86_64_17.0.7.v20230425-1502\jre\bin\server\jvm.dll
0x00007ffc934b0000 - 0x00007ffc93561000 	C:\WINDOWS\System32\ADVAPI32.dll
0x00007ffc92730000 - 0x00007ffc927d6000 	C:\WINDOWS\System32\sechost.dll
0x00007ffc92990000 - 0x00007ffc92aa7000 	C:\WINDOWS\System32\RPCRT4.dll
0x00007ffbf3250000 - 0x00007ffbf3259000 	C:\WINDOWS\SYSTEM32\WSOCK32.dll
0x00007ffc89f90000 - 0x00007ffc89f9a000 	C:\WINDOWS\SYSTEM32\VERSION.dll
0x00007ffc940d0000 - 0x00007ffc94141000 	C:\WINDOWS\System32\WS2_32.dll
0x00007ffc8c130000 - 0x00007ffc8c164000 	C:\WINDOWS\SYSTEM32\WINMM.dll
0x00007ffc90720000 - 0x00007ffc90738000 	C:\WINDOWS\SYSTEM32\kernel.appcore.dll
0x00007ffc8c380000 - 0x00007ffc8c38a000 	C:\Users\Byron\.p2\pool\plugins\org.eclipse.justj.openjdk.hotspot.jre.full.win32.x86_64_17.0.7.v20230425-1502\jre\bin\jimage.dll
0x00007ffc8eda0000 - 0x00007ffc8efd3000 	C:\WINDOWS\SYSTEM32\DBGHELP.DLL
0x00007ffc92260000 - 0x00007ffc925e9000 	C:\WINDOWS\System32\combase.dll
0x00007ffc925f0000 - 0x00007ffc926c7000 	C:\WINDOWS\System32\OLEAUT32.dll
0x00007ffc7f840000 - 0x00007ffc7f872000 	C:\WINDOWS\SYSTEM32\dbgcore.DLL
0x00007ffc91d00000 - 0x00007ffc91d7a000 	C:\WINDOWS\System32\bcryptPrimitives.dll
0x00007ffc6fa30000 - 0x00007ffc6fa55000 	C:\Users\Byron\.p2\pool\plugins\org.eclipse.justj.openjdk.hotspot.jre.full.win32.x86_64_17.0.7.v20230425-1502\jre\bin\java.dll
0x00007ffc86ca0000 - 0x00007ffc86cb8000 	C:\Users\Byron\.p2\pool\plugins\org.eclipse.justj.openjdk.hotspot.jre.full.win32.x86_64_17.0.7.v20230425-1502\jre\bin\zip.dll
0x00007ffc93810000 - 0x00007ffc94069000 	C:\WINDOWS\System32\SHELL32.dll
0x00007ffc8f640000 - 0x00007ffc8ff34000 	C:\WINDOWS\SYSTEM32\windows.storage.dll
0x00007ffc8f500000 - 0x00007ffc8f63e000 	C:\WINDOWS\SYSTEM32\wintypes.dll
0x00007ffc92160000 - 0x00007ffc92253000 	C:\WINDOWS\System32\SHCORE.dll
0x00007ffc94070000 - 0x00007ffc940ce000 	C:\WINDOWS\System32\shlwapi.dll
0x00007ffc91650000 - 0x00007ffc91676000 	C:\WINDOWS\SYSTEM32\profapi.dll
0x00007ffc7f040000 - 0x00007ffc7f059000 	C:\Users\Byron\.p2\pool\plugins\org.eclipse.justj.openjdk.hotspot.jre.full.win32.x86_64_17.0.7.v20230425-1502\jre\bin\net.dll
0x00007ffc8a080000 - 0x00007ffc8a1b7000 	C:\WINDOWS\SYSTEM32\WINHTTP.dll
0x00007ffc90ba0000 - 0x00007ffc90c09000 	C:\WINDOWS\system32\mswsock.dll
0x00007ffc7e7b0000 - 0x00007ffc7e7c5000 	C:\Users\Byron\.p2\pool\plugins\org.eclipse.justj.openjdk.hotspot.jre.full.win32.x86_64_17.0.7.v20230425-1502\jre\bin\nio.dll
0x0000000069ac0000 - 0x0000000069ae4000 	C:\Users\Byron\AppData\Local\Temp\jansi-2.4.0-2c266035ead40111-jansi.dll
0x00007ffc8c370000 - 0x00007ffc8c380000 	C:\Users\Byron\.p2\pool\plugins\org.eclipse.justj.openjdk.hotspot.jre.full.win32.x86_64_17.0.7.v20230425-1502\jre\bin\verify.dll
0x00007ffc901a0000 - 0x00007ffc901cd000 	C:\WINDOWS\SYSTEM32\IPHLPAPI.DLL
0x00007ffc931f0000 - 0x00007ffc931f9000 	C:\WINDOWS\System32\NSI.dll
0x00007ffc89f40000 - 0x00007ffc89f59000 	C:\WINDOWS\SYSTEM32\dhcpcsvc6.DLL
0x00007ffc89f20000 - 0x00007ffc89f3f000 	C:\WINDOWS\SYSTEM32\dhcpcsvc.DLL
0x00007ffc90210000 - 0x00007ffc90309000 	C:\WINDOWS\SYSTEM32\DNSAPI.dll
0x00007ffc90740000 - 0x00007ffc90774000 	C:\WINDOWS\SYSTEM32\ntmarta.dll
0x00007ffc90df0000 - 0x00007ffc90e0b000 	C:\WINDOWS\SYSTEM32\CRYPTSP.dll
0x00007ffc90680000 - 0x00007ffc906b5000 	C:\WINDOWS\system32\rsaenh.dll
0x00007ffc90c90000 - 0x00007ffc90cbc000 	C:\WINDOWS\SYSTEM32\USERENV.dll
0x00007ffc90fc0000 - 0x00007ffc90fe8000 	C:\WINDOWS\SYSTEM32\bcrypt.dll
0x00007ffc90e10000 - 0x00007ffc90e1c000 	C:\WINDOWS\SYSTEM32\CRYPTBASE.dll

dbghelp: loaded successfully - version: 4.0.5 - missing functions: none
symbol engine: initialized successfully - sym options: 0x614 - pdb path: .;C:\Users\Byron\.p2\pool\plugins\org.eclipse.justj.openjdk.hotspot.jre.full.win32.x86_64_17.0.7.v20230425-1502\jre\bin;C:\WINDOWS\SYSTEM32;C:\WINDOWS\WinSxS\amd64_microsoft.windows.common-controls_6595b64144ccf1df_6.0.22621.2506_none_270c5ae97388e100;C:\Users\Byron\.p2\pool\plugins\org.eclipse.justj.openjdk.hotspot.jre.full.win32.x86_64_17.0.7.v20230425-1502\jre\bin\server;C:\Users\Byron\AppData\Local\Temp

VM Arguments:
jvm_args: -Dmaven.home=EMBEDDED -Dclassworlds.conf=C:\Users\Byron\Desktop\espacio eclipse\.metadata\.plugins\org.eclipse.m2e.launching\launches\m2conf7070779780884119269.tmp -Dmaven.multiModuleProjectDirectory=C:\Users\Byron\Desktop\StarkenWEBAPP\SmartdboxWebStarken\StarkenWEBAPP\SmartdboxWebStarken -Dm2e.build.project.data.socket.port=57866 -Dfile.encoding=UTF-8 -XX:+ShowCodeDetailsInExceptionMessages 
java_command: org.codehaus.plexus.classworlds.launcher.Launcher -B -Dstyle.color=always clean package
java_class_path (initial): C:\Users\Byron\.p2\pool\plugins\org.eclipse.m2e.maven.runtime_3.9.100.20230519-1558\jars\plexus-classworlds-2.6.0.jar
Launcher Type: SUN_STANDARD

[Global flags]
     intx CICompilerCount                          = 4                                         {product} {ergonomic}
     uint ConcGCThreads                            = 2                                         {product} {ergonomic}
     uint G1ConcRefinementThreads                  = 8                                         {product} {ergonomic}
   size_t G1HeapRegionSize                         = 1048576                                   {product} {ergonomic}
    uintx GCDrainStackTargetSize                   = 64                                        {product} {ergonomic}
   size_t InitialHeapSize                          = 132120576                                 {product} {ergonomic}
   size_t MarkStackSize                            = 4194304                                   {product} {ergonomic}
   size_t MaxHeapSize                              = 2097152000                                {product} {ergonomic}
   size_t MaxNewSize                               = 1258291200                                {product} {ergonomic}
   size_t MinHeapDeltaBytes                        = 1048576                                   {product} {ergonomic}
   size_t MinHeapSize                              = 8388608                                   {product} {ergonomic}
    uintx NonNMethodCodeHeapSize                   = 5839372                                {pd product} {ergonomic}
    uintx NonProfiledCodeHeapSize                  = 122909434                              {pd product} {ergonomic}
    uintx ProfiledCodeHeapSize                     = 122909434                              {pd product} {ergonomic}
    uintx ReservedCodeCacheSize                    = 251658240                              {pd product} {ergonomic}
     bool SegmentedCodeCache                       = true                                      {product} {ergonomic}
     bool ShowCodeDetailsInExceptionMessages       = true                                   {manageable} {command line}
   size_t SoftMaxHeapSize                          = 2097152000                             {manageable} {ergonomic}
     bool UseCompressedClassPointers               = true                           {product lp64_product} {ergonomic}
     bool UseCompressedOops                        = true                           {product lp64_product} {ergonomic}
     bool UseG1GC                                  = true                                      {product} {ergonomic}
     bool UseLargePagesIndividualAllocation        = false                                  {pd product} {ergonomic}

Logging:
Log output configuration:
 #0: stdout all=warning uptime,level,tags
 #1: stderr all=off uptime,level,tags

Environment Variables:
PATH=C:/Users/Byron/.p2/pool/plugins/org.eclipse.justj.openjdk.hotspot.jre.full.win32.x86_64_17.0.7.v20230425-1502/jre/bin/server;C:/Users/Byron/.p2/pool/plugins/org.eclipse.justj.openjdk.hotspot.jre.full.win32.x86_64_17.0.7.v20230425-1502/jre/bin;C:\Program Files\Microsoft\jdk-11.0.16.101-hotspot\bin;C:\Program Files (x86)\VMware\VMware Player\bin\;C:\Program Files\Common Files\Oracle\Java\javapath;C:\WINDOWS\system32;C:\WINDOWS;C:\WINDOWS\System32\Wbem;C:\WINDOWS\System32\WindowsPowerShell\v1.0\;C:\WINDOWS\System32\OpenSSH\;C:\Program Files\PuTTY\;C:\Program Files\nodejs\;C:\Program Files\Tailscale\;C:\Program Files\Microsoft SQL Server\150\Tools\Binn\;C:\Program Files\Microsoft SQL Server\Client SDK\ODBC\170\Tools\Binn\;C:\Program Files (x86)\Microsoft SQL Server\150\Tools\Binn\;C:\Program Files\Microsoft SQL Server\150\DTS\Binn\;C:\Program Files (x86)\Microsoft SQL Server\160\DTS\Binn\;C:\Program Files\Azure Data Studio\bin;C:\Program Files\dotnet\;C:\Users\Byron\AppData\Local\Microsoft\WindowsApps;C:\Users\Byron\AppData\Local\GitHubDesktop\bin;C:\Users\Byron\AppData\Local\Programs\Microsoft VS Code\bin;C:\Users\Byron\AppData\Roaming\npm;"C:\Program Files\nodejs;";C:\Program Files\apache-maven-3.9.4\bin;C:\Program Files\Azure Data Studio\bin;C:\Users\Byron\.dotnet\tools;C:\WINDOWS\system32;
USERNAME=Byron
OS=Windows_NT
PROCESSOR_IDENTIFIER=Intel64 Family 6 Model 142 Stepping 12, GenuineIntel
TMP=C:\Users\Byron\AppData\Local\Temp
TEMP=C:\Users\Byron\AppData\Local\Temp



---------------  S Y S T E M  ---------------

OS:
 Windows 11 , 64 bit Build 22621 (10.0.22621.2506)
OS uptime: 38 days 20:36 hours

CPU: total 8 (initial active 8) (4 cores per cpu, 2 threads per core) family 6 model 142 stepping 12 microcode 0xea, cx8, cmov, fxsr, ht, mmx, 3dnowpref, sse, sse2, sse3, ssse3, sse4.1, sse4.2, popcnt, lzcnt, tsc, tscinvbit, avx, avx2, aes, erms, clmul, bmi1, bmi2, adx, fma, vzeroupper, clflush, clflushopt

Memory: 4k page, system-wide physical 7995M (15M free)
TotalPageFile size 32571M (AvailPageFile size 194M)
current process WorkingSet (physical memory assigned to process): 205M, peak: 374M
current process commit charge ("private bytes"): 403M, peak: 417M

vm_info: OpenJDK 64-Bit Server VM (17.0.7+7) for windows-amd64 JRE (17.0.7+7), built on Apr 18 2023 22:10:42 by "temurin" with MS VC++ 16.7 (VS2019)

END.
